[2025-01-24T08:06:52.419+0000] {local_task_job_runner.py:123} INFO - ::group::Pre task execution logs
[2025-01-24T08:06:52.426+0000] {taskinstance.py:2613} INFO - Dependencies all met for dep_context=non-requeueable deps ti=<TaskInstance: data_ingestion_gcs_dag.download_dataset_task_yellow_tripdata_2021-01.csv manual__2025-01-24T07:55:07.576027+00:00 [queued]>
[2025-01-24T08:06:52.430+0000] {taskinstance.py:2613} INFO - Dependencies all met for dep_context=requeueable deps ti=<TaskInstance: data_ingestion_gcs_dag.download_dataset_task_yellow_tripdata_2021-01.csv manual__2025-01-24T07:55:07.576027+00:00 [queued]>
[2025-01-24T08:06:52.430+0000] {taskinstance.py:2866} INFO - Starting attempt 1 of 2
[2025-01-24T08:06:52.436+0000] {taskinstance.py:2889} INFO - Executing <Task(BashOperator): download_dataset_task_yellow_tripdata_2021-01.csv> on 2025-01-24 07:55:07.576027+00:00
[2025-01-24T08:06:52.440+0000] {warnings.py:112} WARNING - /home/***/.local/lib/python3.12/site-packages/***/task/task_runner/standard_task_runner.py:70: DeprecationWarning: This process (pid=282) is multi-threaded, use of fork() may lead to deadlocks in the child.
  pid = os.fork()

[2025-01-24T08:06:52.442+0000] {standard_task_runner.py:72} INFO - Started process 287 to run task
[2025-01-24T08:06:52.441+0000] {standard_task_runner.py:104} INFO - Running: ['***', 'tasks', 'run', 'data_ingestion_gcs_dag', 'download_dataset_task_yellow_tripdata_2021-01.csv', 'manual__2025-01-24T07:55:07.576027+00:00', '--job-id', '77', '--raw', '--subdir', 'DAGS_FOLDER/GCP Project/data_ingestion_gcs_dag.py', '--cfg-path', '/tmp/tmpjnogkd9n']
[2025-01-24T08:06:52.443+0000] {standard_task_runner.py:105} INFO - Job 77: Subtask download_dataset_task_yellow_tripdata_2021-01.csv
[2025-01-24T08:06:52.499+0000] {task_command.py:467} INFO - Running <TaskInstance: data_ingestion_gcs_dag.download_dataset_task_yellow_tripdata_2021-01.csv manual__2025-01-24T07:55:07.576027+00:00 [running]> on host 7526bafc575d
[2025-01-24T08:06:52.555+0000] {taskinstance.py:3132} INFO - Exporting env vars: AIRFLOW_CTX_DAG_OWNER='***' AIRFLOW_CTX_DAG_ID='data_ingestion_gcs_dag' AIRFLOW_CTX_TASK_ID='download_dataset_task_yellow_tripdata_2021-01.csv' AIRFLOW_CTX_EXECUTION_DATE='2025-01-24T07:55:07.576027+00:00' AIRFLOW_CTX_TRY_NUMBER='1' AIRFLOW_CTX_DAG_RUN_ID='manual__2025-01-24T07:55:07.576027+00:00'
[2025-01-24T08:06:52.556+0000] {taskinstance.py:731} INFO - ::endgroup::
[2025-01-24T08:06:52.570+0000] {subprocess.py:78} INFO - Tmp dir root location: /tmp
[2025-01-24T08:06:52.570+0000] {subprocess.py:88} INFO - Running command: ['/usr/bin/bash', '-c', 'curl -sS -L --fail https://github.com/DataTalksClub/nyc-tlc-data/releases/download/yellow/yellow_tripdata_2021-01.csv.gz > /opt/***/yellow_tripdata_2021-01.csv.gz']
[2025-01-24T08:06:52.580+0000] {subprocess.py:99} INFO - Output:
[2025-01-24T08:07:01.907+0000] {subprocess.py:110} INFO - Command exited with return code 0
[2025-01-24T08:07:01.926+0000] {taskinstance.py:340} INFO - ::group::Post task execution logs
[2025-01-24T08:07:01.927+0000] {taskinstance.py:352} INFO - Marking task as SUCCESS. dag_id=data_ingestion_gcs_dag, task_id=download_dataset_task_yellow_tripdata_2021-01.csv, run_id=manual__2025-01-24T07:55:07.576027+00:00, execution_date=20250124T075507, start_date=20250124T080652, end_date=20250124T080701
[2025-01-24T08:07:01.943+0000] {local_task_job_runner.py:266} INFO - Task exited with return code 0
[2025-01-24T08:07:01.958+0000] {taskinstance.py:3895} INFO - 1 downstream tasks scheduled from follow-on schedule check
[2025-01-24T08:07:01.958+0000] {local_task_job_runner.py:245} INFO - ::endgroup::
