[2025-01-24T07:55:03.895+0000] {local_task_job_runner.py:123} INFO - ::group::Pre task execution logs
[2025-01-24T07:55:03.900+0000] {taskinstance.py:2613} INFO - Dependencies all met for dep_context=non-requeueable deps ti=<TaskInstance: data_ingestion_gcs_dag.format_to_parquet_task_yellow_tripdata_2021-04.csv scheduled__2025-01-23T00:00:00+00:00 [queued]>
[2025-01-24T07:55:03.904+0000] {taskinstance.py:2613} INFO - Dependencies all met for dep_context=requeueable deps ti=<TaskInstance: data_ingestion_gcs_dag.format_to_parquet_task_yellow_tripdata_2021-04.csv scheduled__2025-01-23T00:00:00+00:00 [queued]>
[2025-01-24T07:55:03.904+0000] {taskinstance.py:2866} INFO - Starting attempt 2 of 2
[2025-01-24T07:55:03.908+0000] {taskinstance.py:2889} INFO - Executing <Task(PythonOperator): format_to_parquet_task_yellow_tripdata_2021-04.csv> on 2025-01-23 00:00:00+00:00
[2025-01-24T07:55:03.911+0000] {warnings.py:112} WARNING - /home/***/.local/lib/python3.12/site-packages/***/task/task_runner/standard_task_runner.py:70: DeprecationWarning: This process (pid=303) is multi-threaded, use of fork() may lead to deadlocks in the child.
  pid = os.fork()

[2025-01-24T07:55:03.911+0000] {standard_task_runner.py:72} INFO - Started process 304 to run task
[2025-01-24T07:55:03.912+0000] {standard_task_runner.py:104} INFO - Running: ['***', 'tasks', 'run', 'data_ingestion_gcs_dag', 'format_to_parquet_task_yellow_tripdata_2021-04.csv', 'scheduled__2025-01-23T00:00:00+00:00', '--job-id', '31', '--raw', '--subdir', 'DAGS_FOLDER/GCP Project/data_ingestion_gcs_dag.py', '--cfg-path', '/tmp/tmpdbyjhx64']
[2025-01-24T07:55:03.913+0000] {standard_task_runner.py:105} INFO - Job 31: Subtask format_to_parquet_task_yellow_tripdata_2021-04.csv
[2025-01-24T07:55:03.933+0000] {task_command.py:467} INFO - Running <TaskInstance: data_ingestion_gcs_dag.format_to_parquet_task_yellow_tripdata_2021-04.csv scheduled__2025-01-23T00:00:00+00:00 [running]> on host 122fff437f4a
[2025-01-24T07:55:03.957+0000] {taskinstance.py:3132} INFO - Exporting env vars: AIRFLOW_CTX_DAG_OWNER='***' AIRFLOW_CTX_DAG_ID='data_ingestion_gcs_dag' AIRFLOW_CTX_TASK_ID='format_to_parquet_task_yellow_tripdata_2021-04.csv' AIRFLOW_CTX_EXECUTION_DATE='2025-01-23T00:00:00+00:00' AIRFLOW_CTX_TRY_NUMBER='2' AIRFLOW_CTX_DAG_RUN_ID='scheduled__2025-01-23T00:00:00+00:00'
[2025-01-24T07:55:03.958+0000] {taskinstance.py:731} INFO - ::endgroup::
[2025-01-24T07:55:03.964+0000] {data_ingestion_gcs_dag.py:61} INFO - 开始读取CSV文件: /opt/***/yellow_tripdata_2021-04.csv
[2025-01-24T07:55:04.304+0000] {data_ingestion_gcs_dag.py:70} INFO - 开始写入Parquet文件: /opt/***/yellow_tripdata_2021-04.parquet
[2025-01-24T07:55:04.812+0000] {data_ingestion_gcs_dag.py:72} INFO - 成功将CSV转换为Parquet: /opt/***/yellow_tripdata_2021-04.parquet
[2025-01-24T07:55:04.815+0000] {python.py:240} INFO - Done. Returned value was: None
[2025-01-24T07:55:04.821+0000] {taskinstance.py:340} INFO - ::group::Post task execution logs
[2025-01-24T07:55:04.821+0000] {taskinstance.py:352} INFO - Marking task as SUCCESS. dag_id=data_ingestion_gcs_dag, task_id=format_to_parquet_task_yellow_tripdata_2021-04.csv, run_id=scheduled__2025-01-23T00:00:00+00:00, execution_date=20250123T000000, start_date=20250124T075503, end_date=20250124T075504
[2025-01-24T07:55:04.849+0000] {local_task_job_runner.py:266} INFO - Task exited with return code 0
[2025-01-24T07:55:04.859+0000] {taskinstance.py:3895} INFO - 1 downstream tasks scheduled from follow-on schedule check
[2025-01-24T07:55:04.860+0000] {local_task_job_runner.py:245} INFO - ::endgroup::
