[2025-01-24T07:49:48.218+0000] {local_task_job_runner.py:123} INFO - ::group::Pre task execution logs
[2025-01-24T07:49:48.227+0000] {taskinstance.py:2613} INFO - Dependencies all met for dep_context=non-requeueable deps ti=<TaskInstance: data_ingestion_gcs_dag.format_to_parquet_task_yellow_tripdata_2021-01.csv scheduled__2025-01-23T00:00:00+00:00 [queued]>
[2025-01-24T07:49:48.233+0000] {taskinstance.py:2613} INFO - Dependencies all met for dep_context=requeueable deps ti=<TaskInstance: data_ingestion_gcs_dag.format_to_parquet_task_yellow_tripdata_2021-01.csv scheduled__2025-01-23T00:00:00+00:00 [queued]>
[2025-01-24T07:49:48.233+0000] {taskinstance.py:2866} INFO - Starting attempt 1 of 2
[2025-01-24T07:49:48.242+0000] {taskinstance.py:2889} INFO - Executing <Task(PythonOperator): format_to_parquet_task_yellow_tripdata_2021-01.csv> on 2025-01-23 00:00:00+00:00
[2025-01-24T07:49:48.245+0000] {warnings.py:112} WARNING - /home/***/.local/lib/python3.12/site-packages/***/task/task_runner/standard_task_runner.py:70: DeprecationWarning: This process (pid=168) is multi-threaded, use of fork() may lead to deadlocks in the child.
  pid = os.fork()

[2025-01-24T07:49:48.247+0000] {standard_task_runner.py:72} INFO - Started process 172 to run task
[2025-01-24T07:49:48.247+0000] {standard_task_runner.py:104} INFO - Running: ['***', 'tasks', 'run', 'data_ingestion_gcs_dag', 'format_to_parquet_task_yellow_tripdata_2021-01.csv', 'scheduled__2025-01-23T00:00:00+00:00', '--job-id', '22', '--raw', '--subdir', 'DAGS_FOLDER/GCP Project/data_ingestion_gcs_dag.py', '--cfg-path', '/tmp/tmpjiepc1rr']
[2025-01-24T07:49:48.248+0000] {standard_task_runner.py:105} INFO - Job 22: Subtask format_to_parquet_task_yellow_tripdata_2021-01.csv
[2025-01-24T07:49:48.265+0000] {task_command.py:467} INFO - Running <TaskInstance: data_ingestion_gcs_dag.format_to_parquet_task_yellow_tripdata_2021-01.csv scheduled__2025-01-23T00:00:00+00:00 [running]> on host 122fff437f4a
[2025-01-24T07:49:48.291+0000] {taskinstance.py:3132} INFO - Exporting env vars: AIRFLOW_CTX_DAG_OWNER='***' AIRFLOW_CTX_DAG_ID='data_ingestion_gcs_dag' AIRFLOW_CTX_TASK_ID='format_to_parquet_task_yellow_tripdata_2021-01.csv' AIRFLOW_CTX_EXECUTION_DATE='2025-01-23T00:00:00+00:00' AIRFLOW_CTX_TRY_NUMBER='1' AIRFLOW_CTX_DAG_RUN_ID='scheduled__2025-01-23T00:00:00+00:00'
[2025-01-24T07:49:48.291+0000] {taskinstance.py:731} INFO - ::endgroup::
[2025-01-24T07:49:48.297+0000] {data_ingestion_gcs_dag.py:61} INFO - 开始读取CSV文件: /opt/***/yellow_tripdata_2021-01.csv
[2025-01-24T07:49:48.446+0000] {data_ingestion_gcs_dag.py:70} INFO - 开始写入Parquet文件: /opt/***/yellow_tripdata_2021-01.parquet
[2025-01-24T07:49:48.737+0000] {data_ingestion_gcs_dag.py:72} INFO - 成功将CSV转换为Parquet: /opt/***/yellow_tripdata_2021-01.parquet
[2025-01-24T07:49:48.739+0000] {python.py:240} INFO - Done. Returned value was: None
[2025-01-24T07:49:48.747+0000] {taskinstance.py:340} INFO - ::group::Post task execution logs
[2025-01-24T07:49:48.748+0000] {taskinstance.py:352} INFO - Marking task as SUCCESS. dag_id=data_ingestion_gcs_dag, task_id=format_to_parquet_task_yellow_tripdata_2021-01.csv, run_id=scheduled__2025-01-23T00:00:00+00:00, execution_date=20250123T000000, start_date=20250124T074948, end_date=20250124T074948
[2025-01-24T07:49:48.841+0000] {local_task_job_runner.py:266} INFO - Task exited with return code 0
[2025-01-24T07:49:48.856+0000] {taskinstance.py:3895} INFO - 1 downstream tasks scheduled from follow-on schedule check
[2025-01-24T07:49:48.857+0000] {local_task_job_runner.py:245} INFO - ::endgroup::
