[2025-01-24T07:55:21.635+0000] {local_task_job_runner.py:123} INFO - ::group::Pre task execution logs
[2025-01-24T07:55:21.642+0000] {taskinstance.py:2613} INFO - Dependencies all met for dep_context=non-requeueable deps ti=<TaskInstance: data_ingestion_gcs_dag.download_dataset_task_yellow_tripdata_2021-03.csv scheduled__2025-01-23T00:00:00+00:00 [queued]>
[2025-01-24T07:55:21.645+0000] {taskinstance.py:2613} INFO - Dependencies all met for dep_context=requeueable deps ti=<TaskInstance: data_ingestion_gcs_dag.download_dataset_task_yellow_tripdata_2021-03.csv scheduled__2025-01-23T00:00:00+00:00 [queued]>
[2025-01-24T07:55:21.645+0000] {taskinstance.py:2866} INFO - Starting attempt 2 of 3
[2025-01-24T07:55:21.651+0000] {taskinstance.py:2889} INFO - Executing <Task(BashOperator): download_dataset_task_yellow_tripdata_2021-03.csv> on 2025-01-23 00:00:00+00:00
[2025-01-24T07:55:21.658+0000] {standard_task_runner.py:104} INFO - Running: ['***', 'tasks', 'run', 'data_ingestion_gcs_dag', 'download_dataset_task_yellow_tripdata_2021-03.csv', 'scheduled__2025-01-23T00:00:00+00:00', '--job-id', '35', '--raw', '--subdir', 'DAGS_FOLDER/GCP Project/data_ingestion_gcs_dag.py', '--cfg-path', '/tmp/tmp1wpbtky4']
[2025-01-24T07:55:21.656+0000] {warnings.py:112} WARNING - /home/***/.local/lib/python3.12/site-packages/***/task/task_runner/standard_task_runner.py:70: DeprecationWarning: This process (pid=329) is multi-threaded, use of fork() may lead to deadlocks in the child.
  pid = os.fork()

[2025-01-24T07:55:21.665+0000] {standard_task_runner.py:105} INFO - Job 35: Subtask download_dataset_task_yellow_tripdata_2021-03.csv
[2025-01-24T07:55:21.666+0000] {standard_task_runner.py:72} INFO - Started process 330 to run task
[2025-01-24T07:55:21.697+0000] {task_command.py:467} INFO - Running <TaskInstance: data_ingestion_gcs_dag.download_dataset_task_yellow_tripdata_2021-03.csv scheduled__2025-01-23T00:00:00+00:00 [running]> on host 122fff437f4a
[2025-01-24T07:55:21.744+0000] {taskinstance.py:3132} INFO - Exporting env vars: AIRFLOW_CTX_DAG_OWNER='***' AIRFLOW_CTX_DAG_ID='data_ingestion_gcs_dag' AIRFLOW_CTX_TASK_ID='download_dataset_task_yellow_tripdata_2021-03.csv' AIRFLOW_CTX_EXECUTION_DATE='2025-01-23T00:00:00+00:00' AIRFLOW_CTX_TRY_NUMBER='2' AIRFLOW_CTX_DAG_RUN_ID='scheduled__2025-01-23T00:00:00+00:00'
[2025-01-24T07:55:21.746+0000] {taskinstance.py:731} INFO - ::endgroup::
[2025-01-24T07:55:21.762+0000] {subprocess.py:78} INFO - Tmp dir root location: /tmp
[2025-01-24T07:55:21.763+0000] {subprocess.py:88} INFO - Running command: ['/usr/bin/bash', '-c', 'curl -sS -L --fail https://github.com/DataTalksClub/nyc-tlc-data/releases/download/yellow/yellow_tripdata_2021-03.csv.gz > /opt/***/yellow_tripdata_2021-03.csv.gz']
[2025-01-24T07:55:21.771+0000] {subprocess.py:99} INFO - Output:
[2025-01-24T07:55:32.733+0000] {subprocess.py:110} INFO - Command exited with return code 0
[2025-01-24T07:55:36.436+0000] {taskinstance.py:340} INFO - ::group::Post task execution logs
[2025-01-24T07:55:36.440+0000] {taskinstance.py:352} INFO - Marking task as SUCCESS. dag_id=data_ingestion_gcs_dag, task_id=download_dataset_task_yellow_tripdata_2021-03.csv, run_id=scheduled__2025-01-23T00:00:00+00:00, execution_date=20250123T000000, start_date=20250124T075521, end_date=20250124T075536
[2025-01-24T07:55:36.474+0000] {local_task_job_runner.py:266} INFO - Task exited with return code 0
[2025-01-24T07:55:36.542+0000] {taskinstance.py:3895} INFO - 1 downstream tasks scheduled from follow-on schedule check
[2025-01-24T07:55:36.544+0000] {local_task_job_runner.py:245} INFO - ::endgroup::
