[2025-01-24T08:12:22.784+0000] {local_task_job_runner.py:123} INFO - ::group::Pre task execution logs
[2025-01-24T08:12:22.793+0000] {taskinstance.py:2613} INFO - Dependencies all met for dep_context=non-requeueable deps ti=<TaskInstance: data_ingestion_gcs_dag.format_to_parquet_task_yellow_tripdata_2021-03.csv manual__2025-01-24T07:55:07.576027+00:00 [queued]>
[2025-01-24T08:12:22.798+0000] {taskinstance.py:2613} INFO - Dependencies all met for dep_context=requeueable deps ti=<TaskInstance: data_ingestion_gcs_dag.format_to_parquet_task_yellow_tripdata_2021-03.csv manual__2025-01-24T07:55:07.576027+00:00 [queued]>
[2025-01-24T08:12:22.798+0000] {taskinstance.py:2866} INFO - Starting attempt 2 of 2
[2025-01-24T08:12:22.807+0000] {taskinstance.py:2889} INFO - Executing <Task(PythonOperator): format_to_parquet_task_yellow_tripdata_2021-03.csv> on 2025-01-24 07:55:07.576027+00:00
[2025-01-24T08:12:22.813+0000] {warnings.py:112} WARNING - /home/***/.local/lib/python3.12/site-packages/***/task/task_runner/standard_task_runner.py:70: DeprecationWarning: This process (pid=471) is multi-threaded, use of fork() may lead to deadlocks in the child.
  pid = os.fork()

[2025-01-24T08:12:22.814+0000] {standard_task_runner.py:72} INFO - Started process 474 to run task
[2025-01-24T08:12:22.815+0000] {standard_task_runner.py:104} INFO - Running: ['***', 'tasks', 'run', 'data_ingestion_gcs_dag', 'format_to_parquet_task_yellow_tripdata_2021-03.csv', 'manual__2025-01-24T07:55:07.576027+00:00', '--job-id', '93', '--raw', '--subdir', 'DAGS_FOLDER/GCP Project/data_ingestion_gcs_dag.py', '--cfg-path', '/tmp/tmpo4o1_4o_']
[2025-01-24T08:12:22.817+0000] {standard_task_runner.py:105} INFO - Job 93: Subtask format_to_parquet_task_yellow_tripdata_2021-03.csv
[2025-01-24T08:12:22.853+0000] {task_command.py:467} INFO - Running <TaskInstance: data_ingestion_gcs_dag.format_to_parquet_task_yellow_tripdata_2021-03.csv manual__2025-01-24T07:55:07.576027+00:00 [running]> on host 7526bafc575d
[2025-01-24T08:12:22.888+0000] {taskinstance.py:3132} INFO - Exporting env vars: AIRFLOW_CTX_DAG_OWNER='***' AIRFLOW_CTX_DAG_ID='data_ingestion_gcs_dag' AIRFLOW_CTX_TASK_ID='format_to_parquet_task_yellow_tripdata_2021-03.csv' AIRFLOW_CTX_EXECUTION_DATE='2025-01-24T07:55:07.576027+00:00' AIRFLOW_CTX_TRY_NUMBER='2' AIRFLOW_CTX_DAG_RUN_ID='manual__2025-01-24T07:55:07.576027+00:00'
[2025-01-24T08:12:22.889+0000] {taskinstance.py:731} INFO - ::endgroup::
[2025-01-24T08:12:22.896+0000] {data_ingestion_gcs_dag.py:61} INFO - 开始读取CSV文件: /opt/***/yellow_tripdata_2021-03.csv
[2025-01-24T08:12:23.313+0000] {data_ingestion_gcs_dag.py:70} INFO - 开始写入Parquet文件: /opt/***/yellow_tripdata_2021-03.parquet
[2025-01-24T08:12:23.712+0000] {data_ingestion_gcs_dag.py:72} INFO - 成功将CSV转换为Parquet: /opt/***/yellow_tripdata_2021-03.parquet
[2025-01-24T08:12:23.718+0000] {python.py:240} INFO - Done. Returned value was: None
[2025-01-24T08:12:23.740+0000] {taskinstance.py:340} INFO - ::group::Post task execution logs
[2025-01-24T08:12:23.740+0000] {taskinstance.py:352} INFO - Marking task as SUCCESS. dag_id=data_ingestion_gcs_dag, task_id=format_to_parquet_task_yellow_tripdata_2021-03.csv, run_id=manual__2025-01-24T07:55:07.576027+00:00, execution_date=20250124T075507, start_date=20250124T081222, end_date=20250124T081223
[2025-01-24T08:12:23.805+0000] {local_task_job_runner.py:266} INFO - Task exited with return code 0
[2025-01-24T08:12:23.821+0000] {taskinstance.py:3895} INFO - 1 downstream tasks scheduled from follow-on schedule check
[2025-01-24T08:12:23.822+0000] {local_task_job_runner.py:245} INFO - ::endgroup::
