[2025-01-24T08:06:52.434+0000] {local_task_job_runner.py:123} INFO - ::group::Pre task execution logs
[2025-01-24T08:06:52.442+0000] {taskinstance.py:2613} INFO - Dependencies all met for dep_context=non-requeueable deps ti=<TaskInstance: data_ingestion_gcs_dag.download_dataset_task_yellow_tripdata_2021-02.csv manual__2025-01-24T07:55:07.576027+00:00 [queued]>
[2025-01-24T08:06:52.446+0000] {taskinstance.py:2613} INFO - Dependencies all met for dep_context=requeueable deps ti=<TaskInstance: data_ingestion_gcs_dag.download_dataset_task_yellow_tripdata_2021-02.csv manual__2025-01-24T07:55:07.576027+00:00 [queued]>
[2025-01-24T08:06:52.447+0000] {taskinstance.py:2866} INFO - Starting attempt 1 of 2
[2025-01-24T08:06:52.454+0000] {taskinstance.py:2889} INFO - Executing <Task(BashOperator): download_dataset_task_yellow_tripdata_2021-02.csv> on 2025-01-24 07:55:07.576027+00:00
[2025-01-24T08:06:52.459+0000] {warnings.py:112} WARNING - /home/***/.local/lib/python3.12/site-packages/***/task/task_runner/standard_task_runner.py:70: DeprecationWarning: This process (pid=283) is multi-threaded, use of fork() may lead to deadlocks in the child.
  pid = os.fork()

[2025-01-24T08:06:52.460+0000] {standard_task_runner.py:72} INFO - Started process 291 to run task
[2025-01-24T08:06:52.460+0000] {standard_task_runner.py:104} INFO - Running: ['***', 'tasks', 'run', 'data_ingestion_gcs_dag', 'download_dataset_task_yellow_tripdata_2021-02.csv', 'manual__2025-01-24T07:55:07.576027+00:00', '--job-id', '78', '--raw', '--subdir', 'DAGS_FOLDER/GCP Project/data_ingestion_gcs_dag.py', '--cfg-path', '/tmp/tmp8l76skp4']
[2025-01-24T08:06:52.462+0000] {standard_task_runner.py:105} INFO - Job 78: Subtask download_dataset_task_yellow_tripdata_2021-02.csv
[2025-01-24T08:06:52.509+0000] {task_command.py:467} INFO - Running <TaskInstance: data_ingestion_gcs_dag.download_dataset_task_yellow_tripdata_2021-02.csv manual__2025-01-24T07:55:07.576027+00:00 [running]> on host 7526bafc575d
[2025-01-24T08:06:52.566+0000] {taskinstance.py:3132} INFO - Exporting env vars: AIRFLOW_CTX_DAG_OWNER='***' AIRFLOW_CTX_DAG_ID='data_ingestion_gcs_dag' AIRFLOW_CTX_TASK_ID='download_dataset_task_yellow_tripdata_2021-02.csv' AIRFLOW_CTX_EXECUTION_DATE='2025-01-24T07:55:07.576027+00:00' AIRFLOW_CTX_TRY_NUMBER='1' AIRFLOW_CTX_DAG_RUN_ID='manual__2025-01-24T07:55:07.576027+00:00'
[2025-01-24T08:06:52.567+0000] {taskinstance.py:731} INFO - ::endgroup::
[2025-01-24T08:06:52.577+0000] {subprocess.py:78} INFO - Tmp dir root location: /tmp
[2025-01-24T08:06:52.578+0000] {subprocess.py:88} INFO - Running command: ['/usr/bin/bash', '-c', 'curl -sS -L --fail https://github.com/DataTalksClub/nyc-tlc-data/releases/download/yellow/yellow_tripdata_2021-02.csv.gz > /opt/***/yellow_tripdata_2021-02.csv.gz']
[2025-01-24T08:06:52.588+0000] {subprocess.py:99} INFO - Output:
[2025-01-24T08:07:01.896+0000] {subprocess.py:110} INFO - Command exited with return code 0
[2025-01-24T08:07:01.926+0000] {taskinstance.py:340} INFO - ::group::Post task execution logs
[2025-01-24T08:07:01.927+0000] {taskinstance.py:352} INFO - Marking task as SUCCESS. dag_id=data_ingestion_gcs_dag, task_id=download_dataset_task_yellow_tripdata_2021-02.csv, run_id=manual__2025-01-24T07:55:07.576027+00:00, execution_date=20250124T075507, start_date=20250124T080652, end_date=20250124T080701
[2025-01-24T08:07:01.949+0000] {local_task_job_runner.py:266} INFO - Task exited with return code 0
[2025-01-24T08:07:01.953+0000] {local_task_job_runner.py:245} INFO - ::endgroup::
