[2025-01-24T08:14:32.211+0000] {local_task_job_runner.py:123} INFO - ::group::Pre task execution logs
[2025-01-24T08:14:32.219+0000] {taskinstance.py:2613} INFO - Dependencies all met for dep_context=non-requeueable deps ti=<TaskInstance: data_ingestion_gcs_dag.download_dataset_task_yellow_tripdata_2021-02.csv manual__2025-01-24T07:55:07.576027+00:00 [queued]>
[2025-01-24T08:14:32.221+0000] {taskinstance.py:2613} INFO - Dependencies all met for dep_context=requeueable deps ti=<TaskInstance: data_ingestion_gcs_dag.download_dataset_task_yellow_tripdata_2021-02.csv manual__2025-01-24T07:55:07.576027+00:00 [queued]>
[2025-01-24T08:14:32.221+0000] {taskinstance.py:2866} INFO - Starting attempt 2 of 3
[2025-01-24T08:14:32.227+0000] {taskinstance.py:2889} INFO - Executing <Task(BashOperator): download_dataset_task_yellow_tripdata_2021-02.csv> on 2025-01-24 07:55:07.576027+00:00
[2025-01-24T08:14:32.232+0000] {warnings.py:112} WARNING - /home/***/.local/lib/python3.12/site-packages/***/task/task_runner/standard_task_runner.py:70: DeprecationWarning: This process (pid=533) is multi-threaded, use of fork() may lead to deadlocks in the child.
  pid = os.fork()

[2025-01-24T08:14:32.235+0000] {standard_task_runner.py:72} INFO - Started process 538 to run task
[2025-01-24T08:14:32.237+0000] {standard_task_runner.py:104} INFO - Running: ['***', 'tasks', 'run', 'data_ingestion_gcs_dag', 'download_dataset_task_yellow_tripdata_2021-02.csv', 'manual__2025-01-24T07:55:07.576027+00:00', '--job-id', '102', '--raw', '--subdir', 'DAGS_FOLDER/GCP Project/data_ingestion_gcs_dag.py', '--cfg-path', '/tmp/tmp604zuv4c']
[2025-01-24T08:14:32.239+0000] {standard_task_runner.py:105} INFO - Job 102: Subtask download_dataset_task_yellow_tripdata_2021-02.csv
[2025-01-24T08:14:32.273+0000] {task_command.py:467} INFO - Running <TaskInstance: data_ingestion_gcs_dag.download_dataset_task_yellow_tripdata_2021-02.csv manual__2025-01-24T07:55:07.576027+00:00 [running]> on host 7526bafc575d
[2025-01-24T08:14:32.316+0000] {taskinstance.py:3132} INFO - Exporting env vars: AIRFLOW_CTX_DAG_OWNER='***' AIRFLOW_CTX_DAG_ID='data_ingestion_gcs_dag' AIRFLOW_CTX_TASK_ID='download_dataset_task_yellow_tripdata_2021-02.csv' AIRFLOW_CTX_EXECUTION_DATE='2025-01-24T07:55:07.576027+00:00' AIRFLOW_CTX_TRY_NUMBER='2' AIRFLOW_CTX_DAG_RUN_ID='manual__2025-01-24T07:55:07.576027+00:00'
[2025-01-24T08:14:32.318+0000] {taskinstance.py:731} INFO - ::endgroup::
[2025-01-24T08:14:32.326+0000] {subprocess.py:78} INFO - Tmp dir root location: /tmp
[2025-01-24T08:14:32.328+0000] {subprocess.py:88} INFO - Running command: ['/usr/bin/bash', '-c', 'curl -sS -L --fail https://github.com/DataTalksClub/nyc-tlc-data/releases/download/yellow/yellow_tripdata_2021-02.csv.gz > /opt/***/yellow_tripdata_2021-02.csv.gz']
[2025-01-24T08:14:32.335+0000] {subprocess.py:99} INFO - Output:
[2025-01-24T08:14:40.764+0000] {subprocess.py:110} INFO - Command exited with return code 0
[2025-01-24T08:14:40.801+0000] {taskinstance.py:340} INFO - ::group::Post task execution logs
[2025-01-24T08:14:40.803+0000] {taskinstance.py:352} INFO - Marking task as SUCCESS. dag_id=data_ingestion_gcs_dag, task_id=download_dataset_task_yellow_tripdata_2021-02.csv, run_id=manual__2025-01-24T07:55:07.576027+00:00, execution_date=20250124T075507, start_date=20250124T081432, end_date=20250124T081440
[2025-01-24T08:14:40.845+0000] {local_task_job_runner.py:266} INFO - Task exited with return code 0
[2025-01-24T08:14:40.869+0000] {taskinstance.py:3895} INFO - 1 downstream tasks scheduled from follow-on schedule check
[2025-01-24T08:14:40.871+0000] {local_task_job_runner.py:245} INFO - ::endgroup::
