[2025-01-23T15:05:27.899+0000] {processor.py:186} INFO - Started process (PID=100) to work on /opt/airflow/dags/prod/Premise Project/ingest_data_to_local_postgres.py
[2025-01-23T15:05:27.899+0000] {processor.py:914} INFO - Processing file /opt/airflow/dags/prod/Premise Project/ingest_data_to_local_postgres.py for tasks to queue
[2025-01-23T15:05:27.903+0000] {logging_mixin.py:190} INFO - [2025-01-23T15:05:27.902+0000] {dagbag.py:588} INFO - Filling up the DagBag from /opt/airflow/dags/prod/Premise Project/ingest_data_to_local_postgres.py
[2025-01-23T15:05:29.180+0000] {processor.py:925} INFO - DAG(s) 'data_ingestion_premise_postgres_dag' retrieved from /opt/airflow/dags/prod/Premise Project/ingest_data_to_local_postgres.py
[2025-01-23T15:05:29.238+0000] {logging_mixin.py:190} INFO - [2025-01-23T15:05:29.238+0000] {override.py:1911} INFO - Created Permission View: can read on DAG:data_ingestion_premise_postgres_dag
[2025-01-23T15:05:29.241+0000] {logging_mixin.py:190} INFO - [2025-01-23T15:05:29.241+0000] {override.py:1911} INFO - Created Permission View: can delete on DAG:data_ingestion_premise_postgres_dag
[2025-01-23T15:05:29.243+0000] {logging_mixin.py:190} INFO - [2025-01-23T15:05:29.243+0000] {override.py:1911} INFO - Created Permission View: can edit on DAG:data_ingestion_premise_postgres_dag
[2025-01-23T15:05:29.245+0000] {logging_mixin.py:190} INFO - [2025-01-23T15:05:29.245+0000] {override.py:1911} INFO - Created Permission View: can read on DAG Run:data_ingestion_premise_postgres_dag
[2025-01-23T15:05:29.247+0000] {logging_mixin.py:190} INFO - [2025-01-23T15:05:29.247+0000] {override.py:1911} INFO - Created Permission View: can create on DAG Run:data_ingestion_premise_postgres_dag
[2025-01-23T15:05:29.249+0000] {logging_mixin.py:190} INFO - [2025-01-23T15:05:29.248+0000] {override.py:1911} INFO - Created Permission View: can delete on DAG Run:data_ingestion_premise_postgres_dag
[2025-01-23T15:05:29.250+0000] {logging_mixin.py:190} INFO - [2025-01-23T15:05:29.250+0000] {override.py:1911} INFO - Created Permission View: menu access on DAG Run:data_ingestion_premise_postgres_dag
[2025-01-23T15:05:29.250+0000] {logging_mixin.py:190} INFO - [2025-01-23T15:05:29.250+0000] {dag.py:3239} INFO - Sync 1 DAGs
[2025-01-23T15:05:29.259+0000] {logging_mixin.py:190} INFO - [2025-01-23T15:05:29.259+0000] {dag.py:3262} INFO - Creating ORM DAG for data_ingestion_premise_postgres_dag
[2025-01-23T15:05:29.266+0000] {logging_mixin.py:190} INFO - [2025-01-23T15:05:29.266+0000] {dag.py:4180} INFO - Setting next_dagrun for data_ingestion_premise_postgres_dag to 2025-01-22 00:00:00+00:00, run_after=2025-01-23 00:00:00+00:00
[2025-01-23T15:05:29.277+0000] {processor.py:208} INFO - Processing /opt/airflow/dags/prod/Premise Project/ingest_data_to_local_postgres.py took 1.382 seconds
[2025-01-23T15:06:00.213+0000] {processor.py:186} INFO - Started process (PID=116) to work on /opt/airflow/dags/prod/Premise Project/ingest_data_to_local_postgres.py
[2025-01-23T15:06:00.216+0000] {processor.py:914} INFO - Processing file /opt/airflow/dags/prod/Premise Project/ingest_data_to_local_postgres.py for tasks to queue
[2025-01-23T15:06:00.219+0000] {logging_mixin.py:190} INFO - [2025-01-23T15:06:00.218+0000] {dagbag.py:588} INFO - Filling up the DagBag from /opt/airflow/dags/prod/Premise Project/ingest_data_to_local_postgres.py
[2025-01-23T15:06:00.231+0000] {processor.py:925} INFO - DAG(s) 'data_ingestion_premise_postgres_dag' retrieved from /opt/airflow/dags/prod/Premise Project/ingest_data_to_local_postgres.py
[2025-01-23T15:06:00.250+0000] {logging_mixin.py:190} INFO - [2025-01-23T15:06:00.250+0000] {dag.py:3239} INFO - Sync 1 DAGs
[2025-01-23T15:06:00.269+0000] {logging_mixin.py:190} INFO - [2025-01-23T15:06:00.269+0000] {dag.py:4180} INFO - Setting next_dagrun for data_ingestion_premise_postgres_dag to 2025-01-22 00:00:00+00:00, run_after=2025-01-23 00:00:00+00:00
[2025-01-23T15:06:00.279+0000] {processor.py:208} INFO - Processing /opt/airflow/dags/prod/Premise Project/ingest_data_to_local_postgres.py took 0.073 seconds
[2025-01-23T15:06:30.641+0000] {processor.py:186} INFO - Started process (PID=125) to work on /opt/airflow/dags/prod/Premise Project/ingest_data_to_local_postgres.py
[2025-01-23T15:06:30.642+0000] {processor.py:914} INFO - Processing file /opt/airflow/dags/prod/Premise Project/ingest_data_to_local_postgres.py for tasks to queue
[2025-01-23T15:06:30.644+0000] {logging_mixin.py:190} INFO - [2025-01-23T15:06:30.644+0000] {dagbag.py:588} INFO - Filling up the DagBag from /opt/airflow/dags/prod/Premise Project/ingest_data_to_local_postgres.py
[2025-01-23T15:06:30.655+0000] {processor.py:925} INFO - DAG(s) 'data_ingestion_premise_postgres_dag' retrieved from /opt/airflow/dags/prod/Premise Project/ingest_data_to_local_postgres.py
[2025-01-23T15:06:30.670+0000] {logging_mixin.py:190} INFO - [2025-01-23T15:06:30.669+0000] {dag.py:3239} INFO - Sync 1 DAGs
[2025-01-23T15:06:30.681+0000] {logging_mixin.py:190} INFO - [2025-01-23T15:06:30.681+0000] {dag.py:4180} INFO - Setting next_dagrun for data_ingestion_premise_postgres_dag to 2025-01-22 00:00:00+00:00, run_after=2025-01-23 00:00:00+00:00
[2025-01-23T15:06:30.688+0000] {processor.py:208} INFO - Processing /opt/airflow/dags/prod/Premise Project/ingest_data_to_local_postgres.py took 0.053 seconds
[2025-01-23T15:07:00.960+0000] {processor.py:186} INFO - Started process (PID=134) to work on /opt/airflow/dags/prod/Premise Project/ingest_data_to_local_postgres.py
[2025-01-23T15:07:00.961+0000] {processor.py:914} INFO - Processing file /opt/airflow/dags/prod/Premise Project/ingest_data_to_local_postgres.py for tasks to queue
[2025-01-23T15:07:00.962+0000] {logging_mixin.py:190} INFO - [2025-01-23T15:07:00.962+0000] {dagbag.py:588} INFO - Filling up the DagBag from /opt/airflow/dags/prod/Premise Project/ingest_data_to_local_postgres.py
[2025-01-23T15:07:00.972+0000] {processor.py:925} INFO - DAG(s) 'data_ingestion_premise_postgres_dag' retrieved from /opt/airflow/dags/prod/Premise Project/ingest_data_to_local_postgres.py
[2025-01-23T15:07:00.984+0000] {logging_mixin.py:190} INFO - [2025-01-23T15:07:00.984+0000] {dag.py:3239} INFO - Sync 1 DAGs
[2025-01-23T15:07:00.994+0000] {logging_mixin.py:190} INFO - [2025-01-23T15:07:00.994+0000] {dag.py:4180} INFO - Setting next_dagrun for data_ingestion_premise_postgres_dag to 2025-01-22 00:00:00+00:00, run_after=2025-01-23 00:00:00+00:00
[2025-01-23T15:07:01.001+0000] {processor.py:208} INFO - Processing /opt/airflow/dags/prod/Premise Project/ingest_data_to_local_postgres.py took 0.045 seconds
[2025-01-23T15:07:31.320+0000] {processor.py:186} INFO - Started process (PID=143) to work on /opt/airflow/dags/prod/Premise Project/ingest_data_to_local_postgres.py
[2025-01-23T15:07:31.321+0000] {processor.py:914} INFO - Processing file /opt/airflow/dags/prod/Premise Project/ingest_data_to_local_postgres.py for tasks to queue
[2025-01-23T15:07:31.323+0000] {logging_mixin.py:190} INFO - [2025-01-23T15:07:31.323+0000] {dagbag.py:588} INFO - Filling up the DagBag from /opt/airflow/dags/prod/Premise Project/ingest_data_to_local_postgres.py
[2025-01-23T15:07:31.334+0000] {processor.py:925} INFO - DAG(s) 'data_ingestion_premise_postgres_dag' retrieved from /opt/airflow/dags/prod/Premise Project/ingest_data_to_local_postgres.py
[2025-01-23T15:07:31.347+0000] {logging_mixin.py:190} INFO - [2025-01-23T15:07:31.347+0000] {dag.py:3239} INFO - Sync 1 DAGs
[2025-01-23T15:07:31.358+0000] {logging_mixin.py:190} INFO - [2025-01-23T15:07:31.358+0000] {dag.py:4180} INFO - Setting next_dagrun for data_ingestion_premise_postgres_dag to 2025-01-22 00:00:00+00:00, run_after=2025-01-23 00:00:00+00:00
[2025-01-23T15:07:31.365+0000] {processor.py:208} INFO - Processing /opt/airflow/dags/prod/Premise Project/ingest_data_to_local_postgres.py took 0.052 seconds
[2025-01-23T15:08:01.801+0000] {processor.py:186} INFO - Started process (PID=152) to work on /opt/airflow/dags/prod/Premise Project/ingest_data_to_local_postgres.py
[2025-01-23T15:08:01.802+0000] {processor.py:914} INFO - Processing file /opt/airflow/dags/prod/Premise Project/ingest_data_to_local_postgres.py for tasks to queue
[2025-01-23T15:08:01.804+0000] {logging_mixin.py:190} INFO - [2025-01-23T15:08:01.804+0000] {dagbag.py:588} INFO - Filling up the DagBag from /opt/airflow/dags/prod/Premise Project/ingest_data_to_local_postgres.py
[2025-01-23T15:08:01.814+0000] {processor.py:925} INFO - DAG(s) 'data_ingestion_premise_postgres_dag' retrieved from /opt/airflow/dags/prod/Premise Project/ingest_data_to_local_postgres.py
[2025-01-23T15:08:01.827+0000] {logging_mixin.py:190} INFO - [2025-01-23T15:08:01.827+0000] {dag.py:3239} INFO - Sync 1 DAGs
[2025-01-23T15:08:01.839+0000] {logging_mixin.py:190} INFO - [2025-01-23T15:08:01.838+0000] {dag.py:4180} INFO - Setting next_dagrun for data_ingestion_premise_postgres_dag to 2025-01-22 00:00:00+00:00, run_after=2025-01-23 00:00:00+00:00
[2025-01-23T15:08:01.846+0000] {processor.py:208} INFO - Processing /opt/airflow/dags/prod/Premise Project/ingest_data_to_local_postgres.py took 0.050 seconds
[2025-01-23T15:08:32.196+0000] {processor.py:186} INFO - Started process (PID=161) to work on /opt/airflow/dags/prod/Premise Project/ingest_data_to_local_postgres.py
[2025-01-23T15:08:32.197+0000] {processor.py:914} INFO - Processing file /opt/airflow/dags/prod/Premise Project/ingest_data_to_local_postgres.py for tasks to queue
[2025-01-23T15:08:32.200+0000] {logging_mixin.py:190} INFO - [2025-01-23T15:08:32.199+0000] {dagbag.py:588} INFO - Filling up the DagBag from /opt/airflow/dags/prod/Premise Project/ingest_data_to_local_postgres.py
[2025-01-23T15:08:32.214+0000] {processor.py:925} INFO - DAG(s) 'data_ingestion_premise_postgres_dag' retrieved from /opt/airflow/dags/prod/Premise Project/ingest_data_to_local_postgres.py
[2025-01-23T15:08:32.231+0000] {logging_mixin.py:190} INFO - [2025-01-23T15:08:32.231+0000] {dag.py:3239} INFO - Sync 1 DAGs
[2025-01-23T15:08:32.245+0000] {logging_mixin.py:190} INFO - [2025-01-23T15:08:32.245+0000] {dag.py:4180} INFO - Setting next_dagrun for data_ingestion_premise_postgres_dag to 2025-01-22 00:00:00+00:00, run_after=2025-01-23 00:00:00+00:00
[2025-01-23T15:08:32.253+0000] {processor.py:208} INFO - Processing /opt/airflow/dags/prod/Premise Project/ingest_data_to_local_postgres.py took 0.068 seconds
[2025-01-23T15:09:02.558+0000] {processor.py:186} INFO - Started process (PID=170) to work on /opt/airflow/dags/prod/Premise Project/ingest_data_to_local_postgres.py
[2025-01-23T15:09:02.559+0000] {processor.py:914} INFO - Processing file /opt/airflow/dags/prod/Premise Project/ingest_data_to_local_postgres.py for tasks to queue
[2025-01-23T15:09:02.562+0000] {logging_mixin.py:190} INFO - [2025-01-23T15:09:02.561+0000] {dagbag.py:588} INFO - Filling up the DagBag from /opt/airflow/dags/prod/Premise Project/ingest_data_to_local_postgres.py
[2025-01-23T15:09:02.573+0000] {processor.py:925} INFO - DAG(s) 'data_ingestion_premise_postgres_dag' retrieved from /opt/airflow/dags/prod/Premise Project/ingest_data_to_local_postgres.py
[2025-01-23T15:09:02.587+0000] {logging_mixin.py:190} INFO - [2025-01-23T15:09:02.586+0000] {dag.py:3239} INFO - Sync 1 DAGs
[2025-01-23T15:09:02.597+0000] {logging_mixin.py:190} INFO - [2025-01-23T15:09:02.597+0000] {dag.py:4180} INFO - Setting next_dagrun for data_ingestion_premise_postgres_dag to 2025-01-22 00:00:00+00:00, run_after=2025-01-23 00:00:00+00:00
[2025-01-23T15:09:02.604+0000] {processor.py:208} INFO - Processing /opt/airflow/dags/prod/Premise Project/ingest_data_to_local_postgres.py took 0.052 seconds
[2025-01-23T15:09:32.965+0000] {processor.py:186} INFO - Started process (PID=179) to work on /opt/airflow/dags/prod/Premise Project/ingest_data_to_local_postgres.py
[2025-01-23T15:09:32.966+0000] {processor.py:914} INFO - Processing file /opt/airflow/dags/prod/Premise Project/ingest_data_to_local_postgres.py for tasks to queue
[2025-01-23T15:09:32.969+0000] {logging_mixin.py:190} INFO - [2025-01-23T15:09:32.969+0000] {dagbag.py:588} INFO - Filling up the DagBag from /opt/airflow/dags/prod/Premise Project/ingest_data_to_local_postgres.py
[2025-01-23T15:09:32.982+0000] {processor.py:925} INFO - DAG(s) 'data_ingestion_premise_postgres_dag' retrieved from /opt/airflow/dags/prod/Premise Project/ingest_data_to_local_postgres.py
[2025-01-23T15:09:32.996+0000] {logging_mixin.py:190} INFO - [2025-01-23T15:09:32.995+0000] {dag.py:3239} INFO - Sync 1 DAGs
[2025-01-23T15:09:33.010+0000] {logging_mixin.py:190} INFO - [2025-01-23T15:09:33.009+0000] {dag.py:4180} INFO - Setting next_dagrun for data_ingestion_premise_postgres_dag to 2025-01-22 00:00:00+00:00, run_after=2025-01-23 00:00:00+00:00
[2025-01-23T15:09:33.019+0000] {processor.py:208} INFO - Processing /opt/airflow/dags/prod/Premise Project/ingest_data_to_local_postgres.py took 0.062 seconds
[2025-01-23T15:10:03.467+0000] {processor.py:186} INFO - Started process (PID=188) to work on /opt/airflow/dags/prod/Premise Project/ingest_data_to_local_postgres.py
[2025-01-23T15:10:03.471+0000] {processor.py:914} INFO - Processing file /opt/airflow/dags/prod/Premise Project/ingest_data_to_local_postgres.py for tasks to queue
[2025-01-23T15:10:03.477+0000] {logging_mixin.py:190} INFO - [2025-01-23T15:10:03.476+0000] {dagbag.py:588} INFO - Filling up the DagBag from /opt/airflow/dags/prod/Premise Project/ingest_data_to_local_postgres.py
[2025-01-23T15:10:03.494+0000] {processor.py:925} INFO - DAG(s) 'data_ingestion_premise_postgres_dag' retrieved from /opt/airflow/dags/prod/Premise Project/ingest_data_to_local_postgres.py
[2025-01-23T15:10:03.513+0000] {logging_mixin.py:190} INFO - [2025-01-23T15:10:03.513+0000] {dag.py:3239} INFO - Sync 1 DAGs
[2025-01-23T15:10:03.526+0000] {logging_mixin.py:190} INFO - [2025-01-23T15:10:03.526+0000] {dag.py:4180} INFO - Setting next_dagrun for data_ingestion_premise_postgres_dag to 2025-01-22 00:00:00+00:00, run_after=2025-01-23 00:00:00+00:00
[2025-01-23T15:10:03.535+0000] {processor.py:208} INFO - Processing /opt/airflow/dags/prod/Premise Project/ingest_data_to_local_postgres.py took 0.083 seconds
[2025-01-23T15:10:33.851+0000] {processor.py:186} INFO - Started process (PID=197) to work on /opt/airflow/dags/prod/Premise Project/ingest_data_to_local_postgres.py
[2025-01-23T15:10:33.851+0000] {processor.py:914} INFO - Processing file /opt/airflow/dags/prod/Premise Project/ingest_data_to_local_postgres.py for tasks to queue
[2025-01-23T15:10:33.853+0000] {logging_mixin.py:190} INFO - [2025-01-23T15:10:33.853+0000] {dagbag.py:588} INFO - Filling up the DagBag from /opt/airflow/dags/prod/Premise Project/ingest_data_to_local_postgres.py
[2025-01-23T15:10:33.862+0000] {processor.py:925} INFO - DAG(s) 'data_ingestion_premise_postgres_dag' retrieved from /opt/airflow/dags/prod/Premise Project/ingest_data_to_local_postgres.py
[2025-01-23T15:10:33.879+0000] {logging_mixin.py:190} INFO - [2025-01-23T15:10:33.878+0000] {dag.py:3239} INFO - Sync 1 DAGs
[2025-01-23T15:10:33.891+0000] {logging_mixin.py:190} INFO - [2025-01-23T15:10:33.890+0000] {dag.py:4180} INFO - Setting next_dagrun for data_ingestion_premise_postgres_dag to 2025-01-22 00:00:00+00:00, run_after=2025-01-23 00:00:00+00:00
[2025-01-23T15:10:33.905+0000] {processor.py:208} INFO - Processing /opt/airflow/dags/prod/Premise Project/ingest_data_to_local_postgres.py took 0.057 seconds
[2025-01-23T15:11:04.267+0000] {processor.py:186} INFO - Started process (PID=206) to work on /opt/airflow/dags/prod/Premise Project/ingest_data_to_local_postgres.py
[2025-01-23T15:11:04.268+0000] {processor.py:914} INFO - Processing file /opt/airflow/dags/prod/Premise Project/ingest_data_to_local_postgres.py for tasks to queue
[2025-01-23T15:11:04.271+0000] {logging_mixin.py:190} INFO - [2025-01-23T15:11:04.270+0000] {dagbag.py:588} INFO - Filling up the DagBag from /opt/airflow/dags/prod/Premise Project/ingest_data_to_local_postgres.py
[2025-01-23T15:11:04.281+0000] {processor.py:925} INFO - DAG(s) 'data_ingestion_premise_postgres_dag' retrieved from /opt/airflow/dags/prod/Premise Project/ingest_data_to_local_postgres.py
[2025-01-23T15:11:04.296+0000] {logging_mixin.py:190} INFO - [2025-01-23T15:11:04.296+0000] {dag.py:3239} INFO - Sync 1 DAGs
[2025-01-23T15:11:04.311+0000] {logging_mixin.py:190} INFO - [2025-01-23T15:11:04.311+0000] {dag.py:4180} INFO - Setting next_dagrun for data_ingestion_premise_postgres_dag to 2025-01-22 00:00:00+00:00, run_after=2025-01-23 00:00:00+00:00
[2025-01-23T15:11:04.323+0000] {processor.py:208} INFO - Processing /opt/airflow/dags/prod/Premise Project/ingest_data_to_local_postgres.py took 0.061 seconds
[2025-01-23T15:11:34.698+0000] {processor.py:186} INFO - Started process (PID=215) to work on /opt/airflow/dags/prod/Premise Project/ingest_data_to_local_postgres.py
[2025-01-23T15:11:34.699+0000] {processor.py:914} INFO - Processing file /opt/airflow/dags/prod/Premise Project/ingest_data_to_local_postgres.py for tasks to queue
[2025-01-23T15:11:34.701+0000] {logging_mixin.py:190} INFO - [2025-01-23T15:11:34.701+0000] {dagbag.py:588} INFO - Filling up the DagBag from /opt/airflow/dags/prod/Premise Project/ingest_data_to_local_postgres.py
[2025-01-23T15:11:34.714+0000] {processor.py:925} INFO - DAG(s) 'data_ingestion_premise_postgres_dag' retrieved from /opt/airflow/dags/prod/Premise Project/ingest_data_to_local_postgres.py
[2025-01-23T15:11:34.731+0000] {logging_mixin.py:190} INFO - [2025-01-23T15:11:34.731+0000] {dag.py:3239} INFO - Sync 1 DAGs
[2025-01-23T15:11:34.744+0000] {logging_mixin.py:190} INFO - [2025-01-23T15:11:34.744+0000] {dag.py:4180} INFO - Setting next_dagrun for data_ingestion_premise_postgres_dag to 2025-01-22 00:00:00+00:00, run_after=2025-01-23 00:00:00+00:00
[2025-01-23T15:11:34.755+0000] {processor.py:208} INFO - Processing /opt/airflow/dags/prod/Premise Project/ingest_data_to_local_postgres.py took 0.065 seconds
[2025-01-23T15:12:05.081+0000] {processor.py:186} INFO - Started process (PID=224) to work on /opt/airflow/dags/prod/Premise Project/ingest_data_to_local_postgres.py
[2025-01-23T15:12:05.082+0000] {processor.py:914} INFO - Processing file /opt/airflow/dags/prod/Premise Project/ingest_data_to_local_postgres.py for tasks to queue
[2025-01-23T15:12:05.084+0000] {logging_mixin.py:190} INFO - [2025-01-23T15:12:05.083+0000] {dagbag.py:588} INFO - Filling up the DagBag from /opt/airflow/dags/prod/Premise Project/ingest_data_to_local_postgres.py
[2025-01-23T15:12:05.093+0000] {processor.py:925} INFO - DAG(s) 'data_ingestion_premise_postgres_dag' retrieved from /opt/airflow/dags/prod/Premise Project/ingest_data_to_local_postgres.py
[2025-01-23T15:12:05.108+0000] {logging_mixin.py:190} INFO - [2025-01-23T15:12:05.108+0000] {dag.py:3239} INFO - Sync 1 DAGs
[2025-01-23T15:12:05.123+0000] {logging_mixin.py:190} INFO - [2025-01-23T15:12:05.123+0000] {dag.py:4180} INFO - Setting next_dagrun for data_ingestion_premise_postgres_dag to 2025-01-22 00:00:00+00:00, run_after=2025-01-23 00:00:00+00:00
[2025-01-23T15:12:05.132+0000] {processor.py:208} INFO - Processing /opt/airflow/dags/prod/Premise Project/ingest_data_to_local_postgres.py took 0.056 seconds
[2025-01-23T15:12:35.584+0000] {processor.py:186} INFO - Started process (PID=233) to work on /opt/airflow/dags/prod/Premise Project/ingest_data_to_local_postgres.py
[2025-01-23T15:12:35.585+0000] {processor.py:914} INFO - Processing file /opt/airflow/dags/prod/Premise Project/ingest_data_to_local_postgres.py for tasks to queue
[2025-01-23T15:12:35.587+0000] {logging_mixin.py:190} INFO - [2025-01-23T15:12:35.586+0000] {dagbag.py:588} INFO - Filling up the DagBag from /opt/airflow/dags/prod/Premise Project/ingest_data_to_local_postgres.py
[2025-01-23T15:12:35.602+0000] {processor.py:925} INFO - DAG(s) 'data_ingestion_premise_postgres_dag' retrieved from /opt/airflow/dags/prod/Premise Project/ingest_data_to_local_postgres.py
[2025-01-23T15:12:35.621+0000] {logging_mixin.py:190} INFO - [2025-01-23T15:12:35.621+0000] {dag.py:3239} INFO - Sync 1 DAGs
[2025-01-23T15:12:35.637+0000] {logging_mixin.py:190} INFO - [2025-01-23T15:12:35.637+0000] {dag.py:4180} INFO - Setting next_dagrun for data_ingestion_premise_postgres_dag to 2025-01-22 00:00:00+00:00, run_after=2025-01-23 00:00:00+00:00
[2025-01-23T15:12:35.653+0000] {processor.py:208} INFO - Processing /opt/airflow/dags/prod/Premise Project/ingest_data_to_local_postgres.py took 0.078 seconds
[2025-01-23T15:13:06.028+0000] {processor.py:186} INFO - Started process (PID=242) to work on /opt/airflow/dags/prod/Premise Project/ingest_data_to_local_postgres.py
[2025-01-23T15:13:06.029+0000] {processor.py:914} INFO - Processing file /opt/airflow/dags/prod/Premise Project/ingest_data_to_local_postgres.py for tasks to queue
[2025-01-23T15:13:06.031+0000] {logging_mixin.py:190} INFO - [2025-01-23T15:13:06.031+0000] {dagbag.py:588} INFO - Filling up the DagBag from /opt/airflow/dags/prod/Premise Project/ingest_data_to_local_postgres.py
[2025-01-23T15:13:06.040+0000] {processor.py:925} INFO - DAG(s) 'data_ingestion_premise_postgres_dag' retrieved from /opt/airflow/dags/prod/Premise Project/ingest_data_to_local_postgres.py
[2025-01-23T15:13:06.059+0000] {logging_mixin.py:190} INFO - [2025-01-23T15:13:06.059+0000] {dag.py:3239} INFO - Sync 1 DAGs
[2025-01-23T15:13:06.071+0000] {logging_mixin.py:190} INFO - [2025-01-23T15:13:06.071+0000] {dag.py:4180} INFO - Setting next_dagrun for data_ingestion_premise_postgres_dag to 2025-01-22 00:00:00+00:00, run_after=2025-01-23 00:00:00+00:00
[2025-01-23T15:13:06.084+0000] {processor.py:208} INFO - Processing /opt/airflow/dags/prod/Premise Project/ingest_data_to_local_postgres.py took 0.061 seconds
[2025-01-23T15:13:36.455+0000] {processor.py:186} INFO - Started process (PID=251) to work on /opt/airflow/dags/prod/Premise Project/ingest_data_to_local_postgres.py
[2025-01-23T15:13:36.455+0000] {processor.py:914} INFO - Processing file /opt/airflow/dags/prod/Premise Project/ingest_data_to_local_postgres.py for tasks to queue
[2025-01-23T15:13:36.458+0000] {logging_mixin.py:190} INFO - [2025-01-23T15:13:36.458+0000] {dagbag.py:588} INFO - Filling up the DagBag from /opt/airflow/dags/prod/Premise Project/ingest_data_to_local_postgres.py
[2025-01-23T15:13:36.467+0000] {processor.py:925} INFO - DAG(s) 'data_ingestion_premise_postgres_dag' retrieved from /opt/airflow/dags/prod/Premise Project/ingest_data_to_local_postgres.py
[2025-01-23T15:13:36.484+0000] {logging_mixin.py:190} INFO - [2025-01-23T15:13:36.483+0000] {dag.py:3239} INFO - Sync 1 DAGs
[2025-01-23T15:13:36.497+0000] {logging_mixin.py:190} INFO - [2025-01-23T15:13:36.497+0000] {dag.py:4180} INFO - Setting next_dagrun for data_ingestion_premise_postgres_dag to 2025-01-22 00:00:00+00:00, run_after=2025-01-23 00:00:00+00:00
[2025-01-23T15:13:36.506+0000] {processor.py:208} INFO - Processing /opt/airflow/dags/prod/Premise Project/ingest_data_to_local_postgres.py took 0.060 seconds
[2025-01-23T15:14:06.878+0000] {processor.py:186} INFO - Started process (PID=260) to work on /opt/airflow/dags/prod/Premise Project/ingest_data_to_local_postgres.py
[2025-01-23T15:14:06.878+0000] {processor.py:914} INFO - Processing file /opt/airflow/dags/prod/Premise Project/ingest_data_to_local_postgres.py for tasks to queue
[2025-01-23T15:14:06.880+0000] {logging_mixin.py:190} INFO - [2025-01-23T15:14:06.880+0000] {dagbag.py:588} INFO - Filling up the DagBag from /opt/airflow/dags/prod/Premise Project/ingest_data_to_local_postgres.py
[2025-01-23T15:14:06.890+0000] {processor.py:925} INFO - DAG(s) 'data_ingestion_premise_postgres_dag' retrieved from /opt/airflow/dags/prod/Premise Project/ingest_data_to_local_postgres.py
[2025-01-23T15:14:06.908+0000] {logging_mixin.py:190} INFO - [2025-01-23T15:14:06.908+0000] {dag.py:3239} INFO - Sync 1 DAGs
[2025-01-23T15:14:06.920+0000] {logging_mixin.py:190} INFO - [2025-01-23T15:14:06.920+0000] {dag.py:4180} INFO - Setting next_dagrun for data_ingestion_premise_postgres_dag to 2025-01-22 00:00:00+00:00, run_after=2025-01-23 00:00:00+00:00
[2025-01-23T15:14:06.931+0000] {processor.py:208} INFO - Processing /opt/airflow/dags/prod/Premise Project/ingest_data_to_local_postgres.py took 0.059 seconds
[2025-01-23T15:14:37.317+0000] {processor.py:186} INFO - Started process (PID=269) to work on /opt/airflow/dags/prod/Premise Project/ingest_data_to_local_postgres.py
[2025-01-23T15:14:37.318+0000] {processor.py:914} INFO - Processing file /opt/airflow/dags/prod/Premise Project/ingest_data_to_local_postgres.py for tasks to queue
[2025-01-23T15:14:37.320+0000] {logging_mixin.py:190} INFO - [2025-01-23T15:14:37.319+0000] {dagbag.py:588} INFO - Filling up the DagBag from /opt/airflow/dags/prod/Premise Project/ingest_data_to_local_postgres.py
[2025-01-23T15:14:37.329+0000] {processor.py:925} INFO - DAG(s) 'data_ingestion_premise_postgres_dag' retrieved from /opt/airflow/dags/prod/Premise Project/ingest_data_to_local_postgres.py
[2025-01-23T15:14:37.344+0000] {logging_mixin.py:190} INFO - [2025-01-23T15:14:37.343+0000] {dag.py:3239} INFO - Sync 1 DAGs
[2025-01-23T15:14:37.356+0000] {logging_mixin.py:190} INFO - [2025-01-23T15:14:37.356+0000] {dag.py:4180} INFO - Setting next_dagrun for data_ingestion_premise_postgres_dag to 2025-01-22 00:00:00+00:00, run_after=2025-01-23 00:00:00+00:00
[2025-01-23T15:14:37.371+0000] {processor.py:208} INFO - Processing /opt/airflow/dags/prod/Premise Project/ingest_data_to_local_postgres.py took 0.059 seconds
[2025-01-23T15:15:07.839+0000] {processor.py:186} INFO - Started process (PID=278) to work on /opt/airflow/dags/prod/Premise Project/ingest_data_to_local_postgres.py
[2025-01-23T15:15:07.840+0000] {processor.py:914} INFO - Processing file /opt/airflow/dags/prod/Premise Project/ingest_data_to_local_postgres.py for tasks to queue
[2025-01-23T15:15:07.843+0000] {logging_mixin.py:190} INFO - [2025-01-23T15:15:07.843+0000] {dagbag.py:588} INFO - Filling up the DagBag from /opt/airflow/dags/prod/Premise Project/ingest_data_to_local_postgres.py
[2025-01-23T15:15:07.857+0000] {processor.py:925} INFO - DAG(s) 'data_ingestion_premise_postgres_dag' retrieved from /opt/airflow/dags/prod/Premise Project/ingest_data_to_local_postgres.py
[2025-01-23T15:15:07.873+0000] {logging_mixin.py:190} INFO - [2025-01-23T15:15:07.873+0000] {dag.py:3239} INFO - Sync 1 DAGs
[2025-01-23T15:15:07.890+0000] {logging_mixin.py:190} INFO - [2025-01-23T15:15:07.890+0000] {dag.py:4180} INFO - Setting next_dagrun for data_ingestion_premise_postgres_dag to 2025-01-22 00:00:00+00:00, run_after=2025-01-23 00:00:00+00:00
[2025-01-23T15:15:07.903+0000] {processor.py:208} INFO - Processing /opt/airflow/dags/prod/Premise Project/ingest_data_to_local_postgres.py took 0.073 seconds
[2025-01-23T15:15:38.285+0000] {processor.py:186} INFO - Started process (PID=287) to work on /opt/airflow/dags/prod/Premise Project/ingest_data_to_local_postgres.py
[2025-01-23T15:15:38.286+0000] {processor.py:914} INFO - Processing file /opt/airflow/dags/prod/Premise Project/ingest_data_to_local_postgres.py for tasks to queue
[2025-01-23T15:15:38.287+0000] {logging_mixin.py:190} INFO - [2025-01-23T15:15:38.287+0000] {dagbag.py:588} INFO - Filling up the DagBag from /opt/airflow/dags/prod/Premise Project/ingest_data_to_local_postgres.py
[2025-01-23T15:15:38.296+0000] {processor.py:925} INFO - DAG(s) 'data_ingestion_premise_postgres_dag' retrieved from /opt/airflow/dags/prod/Premise Project/ingest_data_to_local_postgres.py
[2025-01-23T15:15:38.312+0000] {logging_mixin.py:190} INFO - [2025-01-23T15:15:38.312+0000] {dag.py:3239} INFO - Sync 1 DAGs
[2025-01-23T15:15:38.328+0000] {logging_mixin.py:190} INFO - [2025-01-23T15:15:38.328+0000] {dag.py:4180} INFO - Setting next_dagrun for data_ingestion_premise_postgres_dag to 2025-01-22 00:00:00+00:00, run_after=2025-01-23 00:00:00+00:00
[2025-01-23T15:15:38.336+0000] {processor.py:208} INFO - Processing /opt/airflow/dags/prod/Premise Project/ingest_data_to_local_postgres.py took 0.056 seconds
[2025-01-23T15:16:08.821+0000] {processor.py:186} INFO - Started process (PID=296) to work on /opt/airflow/dags/prod/Premise Project/ingest_data_to_local_postgres.py
[2025-01-23T15:16:08.822+0000] {processor.py:914} INFO - Processing file /opt/airflow/dags/prod/Premise Project/ingest_data_to_local_postgres.py for tasks to queue
[2025-01-23T15:16:08.824+0000] {logging_mixin.py:190} INFO - [2025-01-23T15:16:08.824+0000] {dagbag.py:588} INFO - Filling up the DagBag from /opt/airflow/dags/prod/Premise Project/ingest_data_to_local_postgres.py
[2025-01-23T15:16:08.834+0000] {processor.py:925} INFO - DAG(s) 'data_ingestion_premise_postgres_dag' retrieved from /opt/airflow/dags/prod/Premise Project/ingest_data_to_local_postgres.py
[2025-01-23T15:16:08.850+0000] {logging_mixin.py:190} INFO - [2025-01-23T15:16:08.850+0000] {dag.py:3239} INFO - Sync 1 DAGs
[2025-01-23T15:16:08.866+0000] {logging_mixin.py:190} INFO - [2025-01-23T15:16:08.866+0000] {dag.py:4180} INFO - Setting next_dagrun for data_ingestion_premise_postgres_dag to 2025-01-22 00:00:00+00:00, run_after=2025-01-23 00:00:00+00:00
[2025-01-23T15:16:08.873+0000] {processor.py:208} INFO - Processing /opt/airflow/dags/prod/Premise Project/ingest_data_to_local_postgres.py took 0.059 seconds
[2025-01-23T15:16:39.253+0000] {processor.py:186} INFO - Started process (PID=305) to work on /opt/airflow/dags/prod/Premise Project/ingest_data_to_local_postgres.py
[2025-01-23T15:16:39.254+0000] {processor.py:914} INFO - Processing file /opt/airflow/dags/prod/Premise Project/ingest_data_to_local_postgres.py for tasks to queue
[2025-01-23T15:16:39.256+0000] {logging_mixin.py:190} INFO - [2025-01-23T15:16:39.256+0000] {dagbag.py:588} INFO - Filling up the DagBag from /opt/airflow/dags/prod/Premise Project/ingest_data_to_local_postgres.py
[2025-01-23T15:16:39.271+0000] {processor.py:925} INFO - DAG(s) 'data_ingestion_premise_postgres_dag' retrieved from /opt/airflow/dags/prod/Premise Project/ingest_data_to_local_postgres.py
[2025-01-23T15:16:39.289+0000] {logging_mixin.py:190} INFO - [2025-01-23T15:16:39.289+0000] {dag.py:3239} INFO - Sync 1 DAGs
[2025-01-23T15:16:39.301+0000] {logging_mixin.py:190} INFO - [2025-01-23T15:16:39.301+0000] {dag.py:4180} INFO - Setting next_dagrun for data_ingestion_premise_postgres_dag to 2025-01-22 00:00:00+00:00, run_after=2025-01-23 00:00:00+00:00
[2025-01-23T15:16:39.312+0000] {processor.py:208} INFO - Processing /opt/airflow/dags/prod/Premise Project/ingest_data_to_local_postgres.py took 0.066 seconds
[2025-01-23T15:17:09.686+0000] {processor.py:186} INFO - Started process (PID=314) to work on /opt/airflow/dags/prod/Premise Project/ingest_data_to_local_postgres.py
[2025-01-23T15:17:09.687+0000] {processor.py:914} INFO - Processing file /opt/airflow/dags/prod/Premise Project/ingest_data_to_local_postgres.py for tasks to queue
[2025-01-23T15:17:09.689+0000] {logging_mixin.py:190} INFO - [2025-01-23T15:17:09.688+0000] {dagbag.py:588} INFO - Filling up the DagBag from /opt/airflow/dags/prod/Premise Project/ingest_data_to_local_postgres.py
[2025-01-23T15:17:09.702+0000] {processor.py:925} INFO - DAG(s) 'data_ingestion_premise_postgres_dag' retrieved from /opt/airflow/dags/prod/Premise Project/ingest_data_to_local_postgres.py
[2025-01-23T15:17:09.717+0000] {logging_mixin.py:190} INFO - [2025-01-23T15:17:09.717+0000] {dag.py:3239} INFO - Sync 1 DAGs
[2025-01-23T15:17:09.736+0000] {logging_mixin.py:190} INFO - [2025-01-23T15:17:09.736+0000] {dag.py:4180} INFO - Setting next_dagrun for data_ingestion_premise_postgres_dag to 2025-01-22 00:00:00+00:00, run_after=2025-01-23 00:00:00+00:00
[2025-01-23T15:17:09.750+0000] {processor.py:208} INFO - Processing /opt/airflow/dags/prod/Premise Project/ingest_data_to_local_postgres.py took 0.068 seconds
