[2025-01-23T15:05:29.767+0000] {processor.py:186} INFO - Started process (PID=108) to work on /opt/airflow/dags/prod/GCP Project/data_ingestion_gcs_dag.py
[2025-01-23T15:05:29.768+0000] {processor.py:914} INFO - Processing file /opt/airflow/dags/prod/GCP Project/data_ingestion_gcs_dag.py for tasks to queue
[2025-01-23T15:05:29.769+0000] {logging_mixin.py:190} INFO - [2025-01-23T15:05:29.768+0000] {dagbag.py:588} INFO - Filling up the DagBag from /opt/airflow/dags/prod/GCP Project/data_ingestion_gcs_dag.py
[2025-01-23T15:05:29.792+0000] {processor.py:925} INFO - DAG(s) 'data_ingestion_gcs_dag' retrieved from /opt/airflow/dags/prod/GCP Project/data_ingestion_gcs_dag.py
[2025-01-23T15:05:29.832+0000] {logging_mixin.py:190} INFO - [2025-01-23T15:05:29.831+0000] {override.py:1911} INFO - Created Permission View: can read on DAG:data_ingestion_gcs_dag
[2025-01-23T15:05:29.835+0000] {logging_mixin.py:190} INFO - [2025-01-23T15:05:29.835+0000] {override.py:1911} INFO - Created Permission View: can delete on DAG:data_ingestion_gcs_dag
[2025-01-23T15:05:29.836+0000] {logging_mixin.py:190} INFO - [2025-01-23T15:05:29.836+0000] {override.py:1911} INFO - Created Permission View: can edit on DAG:data_ingestion_gcs_dag
[2025-01-23T15:05:29.838+0000] {logging_mixin.py:190} INFO - [2025-01-23T15:05:29.838+0000] {override.py:1911} INFO - Created Permission View: can read on DAG Run:data_ingestion_gcs_dag
[2025-01-23T15:05:29.840+0000] {logging_mixin.py:190} INFO - [2025-01-23T15:05:29.840+0000] {override.py:1911} INFO - Created Permission View: can create on DAG Run:data_ingestion_gcs_dag
[2025-01-23T15:05:29.843+0000] {logging_mixin.py:190} INFO - [2025-01-23T15:05:29.843+0000] {override.py:1911} INFO - Created Permission View: can delete on DAG Run:data_ingestion_gcs_dag
[2025-01-23T15:05:29.846+0000] {logging_mixin.py:190} INFO - [2025-01-23T15:05:29.846+0000] {override.py:1911} INFO - Created Permission View: menu access on DAG Run:data_ingestion_gcs_dag
[2025-01-23T15:05:29.847+0000] {logging_mixin.py:190} INFO - [2025-01-23T15:05:29.846+0000] {dag.py:3239} INFO - Sync 1 DAGs
[2025-01-23T15:05:29.856+0000] {logging_mixin.py:190} INFO - [2025-01-23T15:05:29.855+0000] {dag.py:3262} INFO - Creating ORM DAG for data_ingestion_gcs_dag
[2025-01-23T15:05:29.860+0000] {logging_mixin.py:190} INFO - [2025-01-23T15:05:29.860+0000] {dag.py:4180} INFO - Setting next_dagrun for data_ingestion_gcs_dag to 2025-01-22 00:00:00+00:00, run_after=2025-01-23 00:00:00+00:00
[2025-01-23T15:05:29.868+0000] {processor.py:208} INFO - Processing /opt/airflow/dags/prod/GCP Project/data_ingestion_gcs_dag.py took 0.104 seconds
[2025-01-23T15:06:00.223+0000] {processor.py:186} INFO - Started process (PID=117) to work on /opt/airflow/dags/prod/GCP Project/data_ingestion_gcs_dag.py
[2025-01-23T15:06:00.224+0000] {processor.py:914} INFO - Processing file /opt/airflow/dags/prod/GCP Project/data_ingestion_gcs_dag.py for tasks to queue
[2025-01-23T15:06:00.227+0000] {logging_mixin.py:190} INFO - [2025-01-23T15:06:00.227+0000] {dagbag.py:588} INFO - Filling up the DagBag from /opt/airflow/dags/prod/GCP Project/data_ingestion_gcs_dag.py
[2025-01-23T15:06:00.253+0000] {processor.py:925} INFO - DAG(s) 'data_ingestion_gcs_dag' retrieved from /opt/airflow/dags/prod/GCP Project/data_ingestion_gcs_dag.py
[2025-01-23T15:06:00.270+0000] {logging_mixin.py:190} INFO - [2025-01-23T15:06:00.270+0000] {dag.py:3239} INFO - Sync 1 DAGs
[2025-01-23T15:06:00.283+0000] {logging_mixin.py:190} INFO - [2025-01-23T15:06:00.283+0000] {dag.py:4180} INFO - Setting next_dagrun for data_ingestion_gcs_dag to 2025-01-22 00:00:00+00:00, run_after=2025-01-23 00:00:00+00:00
[2025-01-23T15:06:00.295+0000] {processor.py:208} INFO - Processing /opt/airflow/dags/prod/GCP Project/data_ingestion_gcs_dag.py took 0.077 seconds
[2025-01-23T15:06:30.648+0000] {processor.py:186} INFO - Started process (PID=126) to work on /opt/airflow/dags/prod/GCP Project/data_ingestion_gcs_dag.py
[2025-01-23T15:06:30.649+0000] {processor.py:914} INFO - Processing file /opt/airflow/dags/prod/GCP Project/data_ingestion_gcs_dag.py for tasks to queue
[2025-01-23T15:06:30.651+0000] {logging_mixin.py:190} INFO - [2025-01-23T15:06:30.651+0000] {dagbag.py:588} INFO - Filling up the DagBag from /opt/airflow/dags/prod/GCP Project/data_ingestion_gcs_dag.py
[2025-01-23T15:06:30.671+0000] {processor.py:925} INFO - DAG(s) 'data_ingestion_gcs_dag' retrieved from /opt/airflow/dags/prod/GCP Project/data_ingestion_gcs_dag.py
[2025-01-23T15:06:30.685+0000] {logging_mixin.py:190} INFO - [2025-01-23T15:06:30.685+0000] {dag.py:3239} INFO - Sync 1 DAGs
[2025-01-23T15:06:30.696+0000] {logging_mixin.py:190} INFO - [2025-01-23T15:06:30.696+0000] {dag.py:4180} INFO - Setting next_dagrun for data_ingestion_gcs_dag to 2025-01-22 00:00:00+00:00, run_after=2025-01-23 00:00:00+00:00
[2025-01-23T15:06:30.703+0000] {processor.py:208} INFO - Processing /opt/airflow/dags/prod/GCP Project/data_ingestion_gcs_dag.py took 0.059 seconds
[2025-01-23T15:07:00.965+0000] {processor.py:186} INFO - Started process (PID=135) to work on /opt/airflow/dags/prod/GCP Project/data_ingestion_gcs_dag.py
[2025-01-23T15:07:00.966+0000] {processor.py:914} INFO - Processing file /opt/airflow/dags/prod/GCP Project/data_ingestion_gcs_dag.py for tasks to queue
[2025-01-23T15:07:00.967+0000] {logging_mixin.py:190} INFO - [2025-01-23T15:07:00.967+0000] {dagbag.py:588} INFO - Filling up the DagBag from /opt/airflow/dags/prod/GCP Project/data_ingestion_gcs_dag.py
[2025-01-23T15:07:00.984+0000] {processor.py:925} INFO - DAG(s) 'data_ingestion_gcs_dag' retrieved from /opt/airflow/dags/prod/GCP Project/data_ingestion_gcs_dag.py
[2025-01-23T15:07:00.996+0000] {logging_mixin.py:190} INFO - [2025-01-23T15:07:00.996+0000] {dag.py:3239} INFO - Sync 1 DAGs
[2025-01-23T15:07:01.005+0000] {logging_mixin.py:190} INFO - [2025-01-23T15:07:01.005+0000] {dag.py:4180} INFO - Setting next_dagrun for data_ingestion_gcs_dag to 2025-01-22 00:00:00+00:00, run_after=2025-01-23 00:00:00+00:00
[2025-01-23T15:07:01.012+0000] {processor.py:208} INFO - Processing /opt/airflow/dags/prod/GCP Project/data_ingestion_gcs_dag.py took 0.050 seconds
[2025-01-23T15:07:31.327+0000] {processor.py:186} INFO - Started process (PID=144) to work on /opt/airflow/dags/prod/GCP Project/data_ingestion_gcs_dag.py
[2025-01-23T15:07:31.327+0000] {processor.py:914} INFO - Processing file /opt/airflow/dags/prod/GCP Project/data_ingestion_gcs_dag.py for tasks to queue
[2025-01-23T15:07:31.329+0000] {logging_mixin.py:190} INFO - [2025-01-23T15:07:31.329+0000] {dagbag.py:588} INFO - Filling up the DagBag from /opt/airflow/dags/prod/GCP Project/data_ingestion_gcs_dag.py
[2025-01-23T15:07:31.345+0000] {processor.py:925} INFO - DAG(s) 'data_ingestion_gcs_dag' retrieved from /opt/airflow/dags/prod/GCP Project/data_ingestion_gcs_dag.py
[2025-01-23T15:07:31.357+0000] {logging_mixin.py:190} INFO - [2025-01-23T15:07:31.357+0000] {dag.py:3239} INFO - Sync 1 DAGs
[2025-01-23T15:07:31.368+0000] {logging_mixin.py:190} INFO - [2025-01-23T15:07:31.368+0000] {dag.py:4180} INFO - Setting next_dagrun for data_ingestion_gcs_dag to 2025-01-22 00:00:00+00:00, run_after=2025-01-23 00:00:00+00:00
[2025-01-23T15:07:31.374+0000] {processor.py:208} INFO - Processing /opt/airflow/dags/prod/GCP Project/data_ingestion_gcs_dag.py took 0.051 seconds
[2025-01-23T15:08:01.808+0000] {processor.py:186} INFO - Started process (PID=153) to work on /opt/airflow/dags/prod/GCP Project/data_ingestion_gcs_dag.py
[2025-01-23T15:08:01.809+0000] {processor.py:914} INFO - Processing file /opt/airflow/dags/prod/GCP Project/data_ingestion_gcs_dag.py for tasks to queue
[2025-01-23T15:08:01.810+0000] {logging_mixin.py:190} INFO - [2025-01-23T15:08:01.810+0000] {dagbag.py:588} INFO - Filling up the DagBag from /opt/airflow/dags/prod/GCP Project/data_ingestion_gcs_dag.py
[2025-01-23T15:08:01.827+0000] {processor.py:925} INFO - DAG(s) 'data_ingestion_gcs_dag' retrieved from /opt/airflow/dags/prod/GCP Project/data_ingestion_gcs_dag.py
[2025-01-23T15:08:01.839+0000] {logging_mixin.py:190} INFO - [2025-01-23T15:08:01.839+0000] {dag.py:3239} INFO - Sync 1 DAGs
[2025-01-23T15:08:01.848+0000] {logging_mixin.py:190} INFO - [2025-01-23T15:08:01.848+0000] {dag.py:4180} INFO - Setting next_dagrun for data_ingestion_gcs_dag to 2025-01-22 00:00:00+00:00, run_after=2025-01-23 00:00:00+00:00
[2025-01-23T15:08:01.855+0000] {processor.py:208} INFO - Processing /opt/airflow/dags/prod/GCP Project/data_ingestion_gcs_dag.py took 0.050 seconds
[2025-01-23T15:08:32.202+0000] {processor.py:186} INFO - Started process (PID=162) to work on /opt/airflow/dags/prod/GCP Project/data_ingestion_gcs_dag.py
[2025-01-23T15:08:32.202+0000] {processor.py:914} INFO - Processing file /opt/airflow/dags/prod/GCP Project/data_ingestion_gcs_dag.py for tasks to queue
[2025-01-23T15:08:32.204+0000] {logging_mixin.py:190} INFO - [2025-01-23T15:08:32.204+0000] {dagbag.py:588} INFO - Filling up the DagBag from /opt/airflow/dags/prod/GCP Project/data_ingestion_gcs_dag.py
[2025-01-23T15:08:32.226+0000] {processor.py:925} INFO - DAG(s) 'data_ingestion_gcs_dag' retrieved from /opt/airflow/dags/prod/GCP Project/data_ingestion_gcs_dag.py
[2025-01-23T15:08:32.241+0000] {logging_mixin.py:190} INFO - [2025-01-23T15:08:32.241+0000] {dag.py:3239} INFO - Sync 1 DAGs
[2025-01-23T15:08:32.251+0000] {logging_mixin.py:190} INFO - [2025-01-23T15:08:32.251+0000] {dag.py:4180} INFO - Setting next_dagrun for data_ingestion_gcs_dag to 2025-01-22 00:00:00+00:00, run_after=2025-01-23 00:00:00+00:00
[2025-01-23T15:08:32.259+0000] {processor.py:208} INFO - Processing /opt/airflow/dags/prod/GCP Project/data_ingestion_gcs_dag.py took 0.061 seconds
[2025-01-23T15:09:02.565+0000] {processor.py:186} INFO - Started process (PID=171) to work on /opt/airflow/dags/prod/GCP Project/data_ingestion_gcs_dag.py
[2025-01-23T15:09:02.566+0000] {processor.py:914} INFO - Processing file /opt/airflow/dags/prod/GCP Project/data_ingestion_gcs_dag.py for tasks to queue
[2025-01-23T15:09:02.567+0000] {logging_mixin.py:190} INFO - [2025-01-23T15:09:02.567+0000] {dagbag.py:588} INFO - Filling up the DagBag from /opt/airflow/dags/prod/GCP Project/data_ingestion_gcs_dag.py
[2025-01-23T15:09:02.583+0000] {processor.py:925} INFO - DAG(s) 'data_ingestion_gcs_dag' retrieved from /opt/airflow/dags/prod/GCP Project/data_ingestion_gcs_dag.py
[2025-01-23T15:09:02.596+0000] {logging_mixin.py:190} INFO - [2025-01-23T15:09:02.595+0000] {dag.py:3239} INFO - Sync 1 DAGs
[2025-01-23T15:09:02.606+0000] {logging_mixin.py:190} INFO - [2025-01-23T15:09:02.606+0000] {dag.py:4180} INFO - Setting next_dagrun for data_ingestion_gcs_dag to 2025-01-22 00:00:00+00:00, run_after=2025-01-23 00:00:00+00:00
[2025-01-23T15:09:02.613+0000] {processor.py:208} INFO - Processing /opt/airflow/dags/prod/GCP Project/data_ingestion_gcs_dag.py took 0.052 seconds
[2025-01-23T15:09:32.972+0000] {processor.py:186} INFO - Started process (PID=180) to work on /opt/airflow/dags/prod/GCP Project/data_ingestion_gcs_dag.py
[2025-01-23T15:09:32.973+0000] {processor.py:914} INFO - Processing file /opt/airflow/dags/prod/GCP Project/data_ingestion_gcs_dag.py for tasks to queue
[2025-01-23T15:09:32.976+0000] {logging_mixin.py:190} INFO - [2025-01-23T15:09:32.976+0000] {dagbag.py:588} INFO - Filling up the DagBag from /opt/airflow/dags/prod/GCP Project/data_ingestion_gcs_dag.py
[2025-01-23T15:09:32.996+0000] {processor.py:925} INFO - DAG(s) 'data_ingestion_gcs_dag' retrieved from /opt/airflow/dags/prod/GCP Project/data_ingestion_gcs_dag.py
[2025-01-23T15:09:33.014+0000] {logging_mixin.py:190} INFO - [2025-01-23T15:09:33.014+0000] {dag.py:3239} INFO - Sync 1 DAGs
[2025-01-23T15:09:33.027+0000] {logging_mixin.py:190} INFO - [2025-01-23T15:09:33.027+0000] {dag.py:4180} INFO - Setting next_dagrun for data_ingestion_gcs_dag to 2025-01-22 00:00:00+00:00, run_after=2025-01-23 00:00:00+00:00
[2025-01-23T15:09:33.033+0000] {processor.py:208} INFO - Processing /opt/airflow/dags/prod/GCP Project/data_ingestion_gcs_dag.py took 0.067 seconds
[2025-01-23T15:10:03.481+0000] {processor.py:186} INFO - Started process (PID=189) to work on /opt/airflow/dags/prod/GCP Project/data_ingestion_gcs_dag.py
[2025-01-23T15:10:03.482+0000] {processor.py:914} INFO - Processing file /opt/airflow/dags/prod/GCP Project/data_ingestion_gcs_dag.py for tasks to queue
[2025-01-23T15:10:03.485+0000] {logging_mixin.py:190} INFO - [2025-01-23T15:10:03.485+0000] {dagbag.py:588} INFO - Filling up the DagBag from /opt/airflow/dags/prod/GCP Project/data_ingestion_gcs_dag.py
[2025-01-23T15:10:03.515+0000] {processor.py:925} INFO - DAG(s) 'data_ingestion_gcs_dag' retrieved from /opt/airflow/dags/prod/GCP Project/data_ingestion_gcs_dag.py
[2025-01-23T15:10:03.529+0000] {logging_mixin.py:190} INFO - [2025-01-23T15:10:03.529+0000] {dag.py:3239} INFO - Sync 1 DAGs
[2025-01-23T15:10:03.542+0000] {logging_mixin.py:190} INFO - [2025-01-23T15:10:03.541+0000] {dag.py:4180} INFO - Setting next_dagrun for data_ingestion_gcs_dag to 2025-01-22 00:00:00+00:00, run_after=2025-01-23 00:00:00+00:00
[2025-01-23T15:10:03.549+0000] {processor.py:208} INFO - Processing /opt/airflow/dags/prod/GCP Project/data_ingestion_gcs_dag.py took 0.079 seconds
[2025-01-23T15:10:33.851+0000] {processor.py:186} INFO - Started process (PID=198) to work on /opt/airflow/dags/prod/GCP Project/data_ingestion_gcs_dag.py
[2025-01-23T15:10:33.851+0000] {processor.py:914} INFO - Processing file /opt/airflow/dags/prod/GCP Project/data_ingestion_gcs_dag.py for tasks to queue
[2025-01-23T15:10:33.852+0000] {logging_mixin.py:190} INFO - [2025-01-23T15:10:33.852+0000] {dagbag.py:588} INFO - Filling up the DagBag from /opt/airflow/dags/prod/GCP Project/data_ingestion_gcs_dag.py
[2025-01-23T15:10:33.868+0000] {processor.py:925} INFO - DAG(s) 'data_ingestion_gcs_dag' retrieved from /opt/airflow/dags/prod/GCP Project/data_ingestion_gcs_dag.py
[2025-01-23T15:10:33.881+0000] {logging_mixin.py:190} INFO - [2025-01-23T15:10:33.881+0000] {dag.py:3239} INFO - Sync 1 DAGs
[2025-01-23T15:10:33.893+0000] {logging_mixin.py:190} INFO - [2025-01-23T15:10:33.893+0000] {dag.py:4180} INFO - Setting next_dagrun for data_ingestion_gcs_dag to 2025-01-22 00:00:00+00:00, run_after=2025-01-23 00:00:00+00:00
[2025-01-23T15:10:33.902+0000] {processor.py:208} INFO - Processing /opt/airflow/dags/prod/GCP Project/data_ingestion_gcs_dag.py took 0.053 seconds
[2025-01-23T15:11:04.272+0000] {processor.py:186} INFO - Started process (PID=207) to work on /opt/airflow/dags/prod/GCP Project/data_ingestion_gcs_dag.py
[2025-01-23T15:11:04.272+0000] {processor.py:914} INFO - Processing file /opt/airflow/dags/prod/GCP Project/data_ingestion_gcs_dag.py for tasks to queue
[2025-01-23T15:11:04.277+0000] {logging_mixin.py:190} INFO - [2025-01-23T15:11:04.277+0000] {dagbag.py:588} INFO - Filling up the DagBag from /opt/airflow/dags/prod/GCP Project/data_ingestion_gcs_dag.py
[2025-01-23T15:11:04.298+0000] {processor.py:925} INFO - DAG(s) 'data_ingestion_gcs_dag' retrieved from /opt/airflow/dags/prod/GCP Project/data_ingestion_gcs_dag.py
[2025-01-23T15:11:04.317+0000] {logging_mixin.py:190} INFO - [2025-01-23T15:11:04.317+0000] {dag.py:3239} INFO - Sync 1 DAGs
[2025-01-23T15:11:04.331+0000] {logging_mixin.py:190} INFO - [2025-01-23T15:11:04.330+0000] {dag.py:4180} INFO - Setting next_dagrun for data_ingestion_gcs_dag to 2025-01-22 00:00:00+00:00, run_after=2025-01-23 00:00:00+00:00
[2025-01-23T15:11:04.336+0000] {processor.py:208} INFO - Processing /opt/airflow/dags/prod/GCP Project/data_ingestion_gcs_dag.py took 0.070 seconds
[2025-01-23T15:11:34.701+0000] {processor.py:186} INFO - Started process (PID=216) to work on /opt/airflow/dags/prod/GCP Project/data_ingestion_gcs_dag.py
[2025-01-23T15:11:34.702+0000] {processor.py:914} INFO - Processing file /opt/airflow/dags/prod/GCP Project/data_ingestion_gcs_dag.py for tasks to queue
[2025-01-23T15:11:34.703+0000] {logging_mixin.py:190} INFO - [2025-01-23T15:11:34.703+0000] {dagbag.py:588} INFO - Filling up the DagBag from /opt/airflow/dags/prod/GCP Project/data_ingestion_gcs_dag.py
[2025-01-23T15:11:34.721+0000] {processor.py:925} INFO - DAG(s) 'data_ingestion_gcs_dag' retrieved from /opt/airflow/dags/prod/GCP Project/data_ingestion_gcs_dag.py
[2025-01-23T15:11:34.735+0000] {logging_mixin.py:190} INFO - [2025-01-23T15:11:34.735+0000] {dag.py:3239} INFO - Sync 1 DAGs
[2025-01-23T15:11:34.745+0000] {logging_mixin.py:190} INFO - [2025-01-23T15:11:34.745+0000] {dag.py:4180} INFO - Setting next_dagrun for data_ingestion_gcs_dag to 2025-01-22 00:00:00+00:00, run_after=2025-01-23 00:00:00+00:00
[2025-01-23T15:11:34.755+0000] {processor.py:208} INFO - Processing /opt/airflow/dags/prod/GCP Project/data_ingestion_gcs_dag.py took 0.058 seconds
[2025-01-23T15:12:05.086+0000] {processor.py:186} INFO - Started process (PID=225) to work on /opt/airflow/dags/prod/GCP Project/data_ingestion_gcs_dag.py
[2025-01-23T15:12:05.092+0000] {processor.py:914} INFO - Processing file /opt/airflow/dags/prod/GCP Project/data_ingestion_gcs_dag.py for tasks to queue
[2025-01-23T15:12:05.095+0000] {logging_mixin.py:190} INFO - [2025-01-23T15:12:05.095+0000] {dagbag.py:588} INFO - Filling up the DagBag from /opt/airflow/dags/prod/GCP Project/data_ingestion_gcs_dag.py
[2025-01-23T15:12:05.112+0000] {processor.py:925} INFO - DAG(s) 'data_ingestion_gcs_dag' retrieved from /opt/airflow/dags/prod/GCP Project/data_ingestion_gcs_dag.py
[2025-01-23T15:12:05.123+0000] {logging_mixin.py:190} INFO - [2025-01-23T15:12:05.123+0000] {dag.py:3239} INFO - Sync 1 DAGs
[2025-01-23T15:12:05.136+0000] {logging_mixin.py:190} INFO - [2025-01-23T15:12:05.136+0000] {dag.py:4180} INFO - Setting next_dagrun for data_ingestion_gcs_dag to 2025-01-22 00:00:00+00:00, run_after=2025-01-23 00:00:00+00:00
[2025-01-23T15:12:05.142+0000] {processor.py:208} INFO - Processing /opt/airflow/dags/prod/GCP Project/data_ingestion_gcs_dag.py took 0.061 seconds
[2025-01-23T15:12:35.588+0000] {processor.py:186} INFO - Started process (PID=234) to work on /opt/airflow/dags/prod/GCP Project/data_ingestion_gcs_dag.py
[2025-01-23T15:12:35.589+0000] {processor.py:914} INFO - Processing file /opt/airflow/dags/prod/GCP Project/data_ingestion_gcs_dag.py for tasks to queue
[2025-01-23T15:12:35.590+0000] {logging_mixin.py:190} INFO - [2025-01-23T15:12:35.590+0000] {dagbag.py:588} INFO - Filling up the DagBag from /opt/airflow/dags/prod/GCP Project/data_ingestion_gcs_dag.py
[2025-01-23T15:12:35.615+0000] {processor.py:925} INFO - DAG(s) 'data_ingestion_gcs_dag' retrieved from /opt/airflow/dags/prod/GCP Project/data_ingestion_gcs_dag.py
[2025-01-23T15:12:35.639+0000] {logging_mixin.py:190} INFO - [2025-01-23T15:12:35.639+0000] {dag.py:3239} INFO - Sync 1 DAGs
[2025-01-23T15:12:35.653+0000] {logging_mixin.py:190} INFO - [2025-01-23T15:12:35.653+0000] {dag.py:4180} INFO - Setting next_dagrun for data_ingestion_gcs_dag to 2025-01-22 00:00:00+00:00, run_after=2025-01-23 00:00:00+00:00
[2025-01-23T15:12:35.662+0000] {processor.py:208} INFO - Processing /opt/airflow/dags/prod/GCP Project/data_ingestion_gcs_dag.py took 0.079 seconds
[2025-01-23T15:13:06.033+0000] {processor.py:186} INFO - Started process (PID=243) to work on /opt/airflow/dags/prod/GCP Project/data_ingestion_gcs_dag.py
[2025-01-23T15:13:06.037+0000] {processor.py:914} INFO - Processing file /opt/airflow/dags/prod/GCP Project/data_ingestion_gcs_dag.py for tasks to queue
[2025-01-23T15:13:06.039+0000] {logging_mixin.py:190} INFO - [2025-01-23T15:13:06.039+0000] {dagbag.py:588} INFO - Filling up the DagBag from /opt/airflow/dags/prod/GCP Project/data_ingestion_gcs_dag.py
[2025-01-23T15:13:06.056+0000] {processor.py:925} INFO - DAG(s) 'data_ingestion_gcs_dag' retrieved from /opt/airflow/dags/prod/GCP Project/data_ingestion_gcs_dag.py
[2025-01-23T15:13:06.072+0000] {logging_mixin.py:190} INFO - [2025-01-23T15:13:06.072+0000] {dag.py:3239} INFO - Sync 1 DAGs
[2025-01-23T15:13:06.086+0000] {logging_mixin.py:190} INFO - [2025-01-23T15:13:06.086+0000] {dag.py:4180} INFO - Setting next_dagrun for data_ingestion_gcs_dag to 2025-01-22 00:00:00+00:00, run_after=2025-01-23 00:00:00+00:00
[2025-01-23T15:13:06.093+0000] {processor.py:208} INFO - Processing /opt/airflow/dags/prod/GCP Project/data_ingestion_gcs_dag.py took 0.064 seconds
[2025-01-23T15:13:36.459+0000] {processor.py:186} INFO - Started process (PID=252) to work on /opt/airflow/dags/prod/GCP Project/data_ingestion_gcs_dag.py
[2025-01-23T15:13:36.460+0000] {processor.py:914} INFO - Processing file /opt/airflow/dags/prod/GCP Project/data_ingestion_gcs_dag.py for tasks to queue
[2025-01-23T15:13:36.468+0000] {logging_mixin.py:190} INFO - [2025-01-23T15:13:36.468+0000] {dagbag.py:588} INFO - Filling up the DagBag from /opt/airflow/dags/prod/GCP Project/data_ingestion_gcs_dag.py
[2025-01-23T15:13:36.485+0000] {processor.py:925} INFO - DAG(s) 'data_ingestion_gcs_dag' retrieved from /opt/airflow/dags/prod/GCP Project/data_ingestion_gcs_dag.py
[2025-01-23T15:13:36.506+0000] {logging_mixin.py:190} INFO - [2025-01-23T15:13:36.506+0000] {dag.py:3239} INFO - Sync 1 DAGs
[2025-01-23T15:13:36.520+0000] {logging_mixin.py:190} INFO - [2025-01-23T15:13:36.519+0000] {dag.py:4180} INFO - Setting next_dagrun for data_ingestion_gcs_dag to 2025-01-22 00:00:00+00:00, run_after=2025-01-23 00:00:00+00:00
[2025-01-23T15:13:36.526+0000] {processor.py:208} INFO - Processing /opt/airflow/dags/prod/GCP Project/data_ingestion_gcs_dag.py took 0.072 seconds
[2025-01-23T15:14:06.880+0000] {processor.py:186} INFO - Started process (PID=261) to work on /opt/airflow/dags/prod/GCP Project/data_ingestion_gcs_dag.py
[2025-01-23T15:14:06.881+0000] {processor.py:914} INFO - Processing file /opt/airflow/dags/prod/GCP Project/data_ingestion_gcs_dag.py for tasks to queue
[2025-01-23T15:14:06.882+0000] {logging_mixin.py:190} INFO - [2025-01-23T15:14:06.882+0000] {dagbag.py:588} INFO - Filling up the DagBag from /opt/airflow/dags/prod/GCP Project/data_ingestion_gcs_dag.py
[2025-01-23T15:14:06.901+0000] {processor.py:925} INFO - DAG(s) 'data_ingestion_gcs_dag' retrieved from /opt/airflow/dags/prod/GCP Project/data_ingestion_gcs_dag.py
[2025-01-23T15:14:06.912+0000] {logging_mixin.py:190} INFO - [2025-01-23T15:14:06.912+0000] {dag.py:3239} INFO - Sync 1 DAGs
[2025-01-23T15:14:06.923+0000] {logging_mixin.py:190} INFO - [2025-01-23T15:14:06.922+0000] {dag.py:4180} INFO - Setting next_dagrun for data_ingestion_gcs_dag to 2025-01-22 00:00:00+00:00, run_after=2025-01-23 00:00:00+00:00
[2025-01-23T15:14:06.934+0000] {processor.py:208} INFO - Processing /opt/airflow/dags/prod/GCP Project/data_ingestion_gcs_dag.py took 0.058 seconds
[2025-01-23T15:14:37.323+0000] {processor.py:186} INFO - Started process (PID=270) to work on /opt/airflow/dags/prod/GCP Project/data_ingestion_gcs_dag.py
[2025-01-23T15:14:37.328+0000] {processor.py:914} INFO - Processing file /opt/airflow/dags/prod/GCP Project/data_ingestion_gcs_dag.py for tasks to queue
[2025-01-23T15:14:37.331+0000] {logging_mixin.py:190} INFO - [2025-01-23T15:14:37.331+0000] {dagbag.py:588} INFO - Filling up the DagBag from /opt/airflow/dags/prod/GCP Project/data_ingestion_gcs_dag.py
[2025-01-23T15:14:37.347+0000] {processor.py:925} INFO - DAG(s) 'data_ingestion_gcs_dag' retrieved from /opt/airflow/dags/prod/GCP Project/data_ingestion_gcs_dag.py
[2025-01-23T15:14:37.364+0000] {logging_mixin.py:190} INFO - [2025-01-23T15:14:37.364+0000] {dag.py:3239} INFO - Sync 1 DAGs
[2025-01-23T15:14:37.379+0000] {logging_mixin.py:190} INFO - [2025-01-23T15:14:37.379+0000] {dag.py:4180} INFO - Setting next_dagrun for data_ingestion_gcs_dag to 2025-01-22 00:00:00+00:00, run_after=2025-01-23 00:00:00+00:00
[2025-01-23T15:14:37.384+0000] {processor.py:208} INFO - Processing /opt/airflow/dags/prod/GCP Project/data_ingestion_gcs_dag.py took 0.067 seconds
[2025-01-23T15:15:07.847+0000] {processor.py:186} INFO - Started process (PID=279) to work on /opt/airflow/dags/prod/GCP Project/data_ingestion_gcs_dag.py
[2025-01-23T15:15:07.850+0000] {processor.py:914} INFO - Processing file /opt/airflow/dags/prod/GCP Project/data_ingestion_gcs_dag.py for tasks to queue
[2025-01-23T15:15:07.855+0000] {logging_mixin.py:190} INFO - [2025-01-23T15:15:07.855+0000] {dagbag.py:588} INFO - Filling up the DagBag from /opt/airflow/dags/prod/GCP Project/data_ingestion_gcs_dag.py
[2025-01-23T15:15:07.877+0000] {processor.py:925} INFO - DAG(s) 'data_ingestion_gcs_dag' retrieved from /opt/airflow/dags/prod/GCP Project/data_ingestion_gcs_dag.py
[2025-01-23T15:15:07.893+0000] {logging_mixin.py:190} INFO - [2025-01-23T15:15:07.892+0000] {dag.py:3239} INFO - Sync 1 DAGs
[2025-01-23T15:15:07.904+0000] {logging_mixin.py:190} INFO - [2025-01-23T15:15:07.904+0000] {dag.py:4180} INFO - Setting next_dagrun for data_ingestion_gcs_dag to 2025-01-22 00:00:00+00:00, run_after=2025-01-23 00:00:00+00:00
[2025-01-23T15:15:07.912+0000] {processor.py:208} INFO - Processing /opt/airflow/dags/prod/GCP Project/data_ingestion_gcs_dag.py took 0.072 seconds
[2025-01-23T15:15:38.289+0000] {processor.py:186} INFO - Started process (PID=288) to work on /opt/airflow/dags/prod/GCP Project/data_ingestion_gcs_dag.py
[2025-01-23T15:15:38.294+0000] {processor.py:914} INFO - Processing file /opt/airflow/dags/prod/GCP Project/data_ingestion_gcs_dag.py for tasks to queue
[2025-01-23T15:15:38.296+0000] {logging_mixin.py:190} INFO - [2025-01-23T15:15:38.296+0000] {dagbag.py:588} INFO - Filling up the DagBag from /opt/airflow/dags/prod/GCP Project/data_ingestion_gcs_dag.py
[2025-01-23T15:15:38.314+0000] {processor.py:925} INFO - DAG(s) 'data_ingestion_gcs_dag' retrieved from /opt/airflow/dags/prod/GCP Project/data_ingestion_gcs_dag.py
[2025-01-23T15:15:38.331+0000] {logging_mixin.py:190} INFO - [2025-01-23T15:15:38.331+0000] {dag.py:3239} INFO - Sync 1 DAGs
[2025-01-23T15:15:38.344+0000] {logging_mixin.py:190} INFO - [2025-01-23T15:15:38.344+0000] {dag.py:4180} INFO - Setting next_dagrun for data_ingestion_gcs_dag to 2025-01-22 00:00:00+00:00, run_after=2025-01-23 00:00:00+00:00
[2025-01-23T15:15:38.350+0000] {processor.py:208} INFO - Processing /opt/airflow/dags/prod/GCP Project/data_ingestion_gcs_dag.py took 0.067 seconds
[2025-01-23T15:16:08.828+0000] {processor.py:186} INFO - Started process (PID=297) to work on /opt/airflow/dags/prod/GCP Project/data_ingestion_gcs_dag.py
[2025-01-23T15:16:08.830+0000] {processor.py:914} INFO - Processing file /opt/airflow/dags/prod/GCP Project/data_ingestion_gcs_dag.py for tasks to queue
[2025-01-23T15:16:08.834+0000] {logging_mixin.py:190} INFO - [2025-01-23T15:16:08.833+0000] {dagbag.py:588} INFO - Filling up the DagBag from /opt/airflow/dags/prod/GCP Project/data_ingestion_gcs_dag.py
[2025-01-23T15:16:08.852+0000] {processor.py:925} INFO - DAG(s) 'data_ingestion_gcs_dag' retrieved from /opt/airflow/dags/prod/GCP Project/data_ingestion_gcs_dag.py
[2025-01-23T15:16:08.865+0000] {logging_mixin.py:190} INFO - [2025-01-23T15:16:08.865+0000] {dag.py:3239} INFO - Sync 1 DAGs
[2025-01-23T15:16:08.875+0000] {logging_mixin.py:190} INFO - [2025-01-23T15:16:08.874+0000] {dag.py:4180} INFO - Setting next_dagrun for data_ingestion_gcs_dag to 2025-01-22 00:00:00+00:00, run_after=2025-01-23 00:00:00+00:00
[2025-01-23T15:16:08.883+0000] {processor.py:208} INFO - Processing /opt/airflow/dags/prod/GCP Project/data_ingestion_gcs_dag.py took 0.060 seconds
[2025-01-23T15:16:39.257+0000] {processor.py:186} INFO - Started process (PID=306) to work on /opt/airflow/dags/prod/GCP Project/data_ingestion_gcs_dag.py
[2025-01-23T15:16:39.258+0000] {processor.py:914} INFO - Processing file /opt/airflow/dags/prod/GCP Project/data_ingestion_gcs_dag.py for tasks to queue
[2025-01-23T15:16:39.259+0000] {logging_mixin.py:190} INFO - [2025-01-23T15:16:39.259+0000] {dagbag.py:588} INFO - Filling up the DagBag from /opt/airflow/dags/prod/GCP Project/data_ingestion_gcs_dag.py
[2025-01-23T15:16:39.280+0000] {processor.py:925} INFO - DAG(s) 'data_ingestion_gcs_dag' retrieved from /opt/airflow/dags/prod/GCP Project/data_ingestion_gcs_dag.py
[2025-01-23T15:16:39.300+0000] {logging_mixin.py:190} INFO - [2025-01-23T15:16:39.300+0000] {dag.py:3239} INFO - Sync 1 DAGs
[2025-01-23T15:16:39.315+0000] {logging_mixin.py:190} INFO - [2025-01-23T15:16:39.315+0000] {dag.py:4180} INFO - Setting next_dagrun for data_ingestion_gcs_dag to 2025-01-22 00:00:00+00:00, run_after=2025-01-23 00:00:00+00:00
[2025-01-23T15:16:39.324+0000] {processor.py:208} INFO - Processing /opt/airflow/dags/prod/GCP Project/data_ingestion_gcs_dag.py took 0.072 seconds
[2025-01-23T15:17:09.689+0000] {processor.py:186} INFO - Started process (PID=315) to work on /opt/airflow/dags/prod/GCP Project/data_ingestion_gcs_dag.py
[2025-01-23T15:17:09.689+0000] {processor.py:914} INFO - Processing file /opt/airflow/dags/prod/GCP Project/data_ingestion_gcs_dag.py for tasks to queue
[2025-01-23T15:17:09.691+0000] {logging_mixin.py:190} INFO - [2025-01-23T15:17:09.691+0000] {dagbag.py:588} INFO - Filling up the DagBag from /opt/airflow/dags/prod/GCP Project/data_ingestion_gcs_dag.py
[2025-01-23T15:17:09.716+0000] {processor.py:925} INFO - DAG(s) 'data_ingestion_gcs_dag' retrieved from /opt/airflow/dags/prod/GCP Project/data_ingestion_gcs_dag.py
[2025-01-23T15:17:09.739+0000] {logging_mixin.py:190} INFO - [2025-01-23T15:17:09.739+0000] {dag.py:3239} INFO - Sync 1 DAGs
[2025-01-23T15:17:09.755+0000] {logging_mixin.py:190} INFO - [2025-01-23T15:17:09.755+0000] {dag.py:4180} INFO - Setting next_dagrun for data_ingestion_gcs_dag to 2025-01-22 00:00:00+00:00, run_after=2025-01-23 00:00:00+00:00
[2025-01-23T15:17:09.761+0000] {processor.py:208} INFO - Processing /opt/airflow/dags/prod/GCP Project/data_ingestion_gcs_dag.py took 0.076 seconds
