[2025-01-24T08:20:39.272+0000] {local_task_job_runner.py:123} INFO - ::group::Pre task execution logs
[2025-01-24T08:20:39.280+0000] {taskinstance.py:2613} INFO - Dependencies all met for dep_context=non-requeueable deps ti=<TaskInstance: data_ingestion_gcs_dag.extract_gz_task_yellow_tripdata_2021-03.csv manual__2025-01-24T08:01:50.082831+00:00 [queued]>
[2025-01-24T08:20:39.287+0000] {taskinstance.py:2613} INFO - Dependencies all met for dep_context=requeueable deps ti=<TaskInstance: data_ingestion_gcs_dag.extract_gz_task_yellow_tripdata_2021-03.csv manual__2025-01-24T08:01:50.082831+00:00 [queued]>
[2025-01-24T08:20:39.287+0000] {taskinstance.py:2866} INFO - Starting attempt 1 of 2
[2025-01-24T08:20:39.294+0000] {taskinstance.py:2889} INFO - Executing <Task(PythonOperator): extract_gz_task_yellow_tripdata_2021-03.csv> on 2025-01-24 08:01:50.082831+00:00
[2025-01-24T08:20:39.298+0000] {warnings.py:112} WARNING - /home/***/.local/lib/python3.12/site-packages/***/task/task_runner/standard_task_runner.py:70: DeprecationWarning: This process (pid=789) is multi-threaded, use of fork() may lead to deadlocks in the child.
  pid = os.fork()

[2025-01-24T08:20:39.299+0000] {standard_task_runner.py:72} INFO - Started process 799 to run task
[2025-01-24T08:20:39.299+0000] {standard_task_runner.py:104} INFO - Running: ['***', 'tasks', 'run', 'data_ingestion_gcs_dag', 'extract_gz_task_yellow_tripdata_2021-03.csv', 'manual__2025-01-24T08:01:50.082831+00:00', '--job-id', '131', '--raw', '--subdir', 'DAGS_FOLDER/GCP Project/data_ingestion_gcs_dag.py', '--cfg-path', '/tmp/tmp8l9xp775']
[2025-01-24T08:20:39.301+0000] {standard_task_runner.py:105} INFO - Job 131: Subtask extract_gz_task_yellow_tripdata_2021-03.csv
[2025-01-24T08:20:39.324+0000] {task_command.py:467} INFO - Running <TaskInstance: data_ingestion_gcs_dag.extract_gz_task_yellow_tripdata_2021-03.csv manual__2025-01-24T08:01:50.082831+00:00 [running]> on host 7526bafc575d
[2025-01-24T08:20:39.361+0000] {taskinstance.py:3132} INFO - Exporting env vars: AIRFLOW_CTX_DAG_OWNER='***' AIRFLOW_CTX_DAG_ID='data_ingestion_gcs_dag' AIRFLOW_CTX_TASK_ID='extract_gz_task_yellow_tripdata_2021-03.csv' AIRFLOW_CTX_EXECUTION_DATE='2025-01-24T08:01:50.082831+00:00' AIRFLOW_CTX_TRY_NUMBER='1' AIRFLOW_CTX_DAG_RUN_ID='manual__2025-01-24T08:01:50.082831+00:00'
[2025-01-24T08:20:39.362+0000] {taskinstance.py:731} INFO - ::endgroup::
[2025-01-24T08:20:42.072+0000] {python.py:240} INFO - Done. Returned value was: None
[2025-01-24T08:20:58.735+0000] {taskinstance.py:340} INFO - ::group::Post task execution logs
[2025-01-24T08:20:58.741+0000] {taskinstance.py:352} INFO - Marking task as SUCCESS. dag_id=data_ingestion_gcs_dag, task_id=extract_gz_task_yellow_tripdata_2021-03.csv, run_id=manual__2025-01-24T08:01:50.082831+00:00, execution_date=20250124T080150, start_date=20250124T082039, end_date=20250124T082058
[2025-01-24T08:20:58.923+0000] {job.py:229} INFO - Heartbeat recovered after 19.68 seconds
[2025-01-24T08:20:58.982+0000] {local_task_job_runner.py:266} INFO - Task exited with return code 0
[2025-01-24T08:20:59.039+0000] {taskinstance.py:3895} INFO - 1 downstream tasks scheduled from follow-on schedule check
[2025-01-24T08:20:59.048+0000] {local_task_job_runner.py:245} INFO - ::endgroup::
